This file contains any messages produced by compilers while
running configure, to aid debugging if configure makes a mistake.

It was created by configure, which was
generated by GNU Autoconf 2.65.  Invocation command line was

  $ ./configure --enable-gcc --disable-shared --prefix=/home/amir/ns-allinone-2.34

## --------- ##
## Platform. ##
## --------- ##

hostname = amir-laptop
uname -m = i686
uname -r = 2.6.32-30-generic
uname -s = Linux
uname -v = #59-Ubuntu SMP Tue Mar 1 21:30:21 UTC 2011

/usr/bin/uname -p = unknown
/bin/uname -X     = unknown

/bin/arch              = unknown
/usr/bin/arch -k       = unknown
/usr/convex/getsysinfo = unknown
/usr/bin/hostinfo      = unknown
/bin/machine           = unknown
/usr/bin/oslevel       = unknown
/bin/universe          = unknown

PATH: /home/amir/ns-allinone-2.34/bin
PATH: /home/amir/bin
PATH: /usr/local/sbin
PATH: /usr/local/bin
PATH: /usr/sbin
PATH: /usr/bin
PATH: /sbin
PATH: /bin
PATH: /usr/games
PATH: /usr/local/texlive/2010/bin/i386-linux
PATH: /home/amir/serna/bin/
PATH: /home/amir/
PATH: /home/amir/eclipse
PATH: /home/amir/ns-allinone-3.9/
PATH: /home/amir/android-sdk-linux_x86
PATH: /home/amir/android-sdk-linux_x86/tools
PATH: /usr/local/texlive/2010/bin/i386-linux
PATH: /home/amir/serna/bin/
PATH: /home/amir/
PATH: /home/amir/eclipse
PATH: /home/amir/ns-allinone-3.9/
PATH: /home/amir/android-sdk-linux_x86
PATH: /home/amir/android-sdk-linux_x86/tools
PATH: /home/amir/ns-allinone-2.34/bin
PATH: /home/amir/ns-allinone-2.34/tcl8.4.18/unix
PATH: /home/amir/ns-allinone-2.34/tk8.4.18/unix
PATH: /home/amir/ns-allinone-2.34/
PATH: /home/amir/ns-allinone-2.34/nam-1.14/


## ----------- ##
## Core tests. ##
## ----------- ##

configure:2263: checking for Tcl configuration
configure:2356: result: found /home/amir/ns-allinone-2.34/tcl8.4.18/unix/tclConfig.sh
configure:2362: checking for existence of /home/amir/ns-allinone-2.34/tcl8.4.18/unix/tclConfig.sh
configure:2366: result: loading
configure:2431: checking for tclsh
configure:2455: result: /home/amir/ns-allinone-2.34/bin/tclsh8.4
configure:2466: checking for tclsh in Tcl build directory
configure:2469: result: /home/amir/ns-allinone-2.34/tcl8.4.18/unix/tclsh
configure:2499: checking whether to use symlinks for manpages
configure:2508: result: no
configure:2511: checking whether to compress the manpages
configure:2524: result: no
configure:2538: checking whether to add a package name suffix for the manpages
configure:2551: result: no
configure:2615: checking for gcc
configure:2631: found /usr/bin/gcc
configure:2642: result: gcc
configure:2871: checking for C compiler version
configure:2880: gcc --version >&5
gcc (Ubuntu 4.4.3-4ubuntu5) 4.4.3
Copyright (C) 2009 Free Software Foundation, Inc.
This is free software; see the source for copying conditions.  There is NO
warranty; not even for MERCHANTABILITY or FITNESS FOR A PARTICULAR PURPOSE.

configure:2891: $? = 0
configure:2880: gcc -v >&5
Using built-in specs.
Target: i486-linux-gnu
Configured with: ../src/configure -v --with-pkgversion='Ubuntu 4.4.3-4ubuntu5' --with-bugurl=file:///usr/share/doc/gcc-4.4/README.Bugs --enable-languages=c,c++,fortran,objc,obj-c++ --prefix=/usr --enable-shared --enable-multiarch --enable-linker-build-id --with-system-zlib --libexecdir=/usr/lib --without-included-gettext --enable-threads=posix --with-gxx-include-dir=/usr/include/c++/4.4 --program-suffix=-4.4 --enable-nls --enable-clocale=gnu --enable-libstdcxx-debug --enable-plugin --enable-objc-gc --enable-targets=all --disable-werror --with-arch-32=i486 --with-tune=generic --enable-checking=release --build=i486-linux-gnu --host=i486-linux-gnu --target=i486-linux-gnu
Thread model: posix
gcc version 4.4.3 (Ubuntu 4.4.3-4ubuntu5) 
configure:2891: $? = 0
configure:2880: gcc -V >&5
gcc: '-V' option must have argument
configure:2891: $? = 1
configure:2880: gcc -qversion >&5
gcc: unrecognized option '-qversion'
gcc: no input files
configure:2891: $? = 1
configure:2911: checking whether the C compiler works
configure:2933: gcc    conftest.c  >&5
configure:2937: $? = 0
configure:2986: result: yes
configure:2989: checking for C compiler default output file name
configure:2991: result: a.out
configure:2997: checking for suffix of executables
configure:3004: gcc -o conftest    conftest.c  >&5
configure:3008: $? = 0
configure:3030: result: 
configure:3052: checking whether we are cross compiling
configure:3060: gcc -o conftest    conftest.c  >&5
configure:3064: $? = 0
configure:3071: ./conftest
configure:3075: $? = 0
configure:3090: result: no
configure:3095: checking for suffix of object files
configure:3117: gcc -c   conftest.c >&5
configure:3121: $? = 0
configure:3142: result: o
configure:3146: checking whether we are using the GNU C compiler
configure:3165: gcc -c   conftest.c >&5
configure:3165: $? = 0
configure:3174: result: yes
configure:3183: checking whether gcc accepts -g
configure:3203: gcc -c -g  conftest.c >&5
configure:3203: $? = 0
configure:3244: result: yes
configure:3261: checking for gcc option to accept ISO C89
configure:3325: gcc  -c   conftest.c >&5
configure:3325: $? = 0
configure:3338: result: none needed
configure:3367: checking how to run the C preprocessor
configure:3398: gcc -E  conftest.c
configure:3398: $? = 0
configure:3412: gcc -E  conftest.c
conftest.c:9:28: error: ac_nonexistent.h: No such file or directory
configure:3412: $? = 1
configure: failed program was:
| /* confdefs.h */
| #define PACKAGE_NAME ""
| #define PACKAGE_TARNAME ""
| #define PACKAGE_VERSION ""
| #define PACKAGE_STRING ""
| #define PACKAGE_BUGREPORT ""
| #define PACKAGE_URL ""
| /* end confdefs.h.  */
| #include <ac_nonexistent.h>
configure:3437: result: gcc -E
configure:3457: gcc -E  conftest.c
configure:3457: $? = 0
configure:3471: gcc -E  conftest.c
conftest.c:9:28: error: ac_nonexistent.h: No such file or directory
configure:3471: $? = 1
configure: failed program was:
| /* confdefs.h */
| #define PACKAGE_NAME ""
| #define PACKAGE_TARNAME ""
| #define PACKAGE_VERSION ""
| #define PACKAGE_STRING ""
| #define PACKAGE_BUGREPORT ""
| #define PACKAGE_URL ""
| /* end confdefs.h.  */
| #include <ac_nonexistent.h>
configure:3500: checking for grep that handles long lines and -e
configure:3558: result: /bin/grep
configure:3563: checking for egrep
configure:3625: result: /bin/grep -E
configure:3630: checking for ANSI C header files
configure:3650: gcc -c   conftest.c >&5
configure:3650: $? = 0
configure:3723: gcc -o conftest    conftest.c  >&5
configure:3723: $? = 0
configure:3723: ./conftest
configure:3723: $? = 0
configure:3734: result: yes
configure:3747: checking for sys/types.h
configure:3747: gcc -c   conftest.c >&5
configure:3747: $? = 0
configure:3747: result: yes
configure:3747: checking for sys/stat.h
configure:3747: gcc -c   conftest.c >&5
configure:3747: $? = 0
configure:3747: result: yes
configure:3747: checking for stdlib.h
configure:3747: gcc -c   conftest.c >&5
configure:3747: $? = 0
configure:3747: result: yes
configure:3747: checking for string.h
configure:3747: gcc -c   conftest.c >&5
configure:3747: $? = 0
configure:3747: result: yes
configure:3747: checking for memory.h
configure:3747: gcc -c   conftest.c >&5
configure:3747: $? = 0
configure:3747: result: yes
configure:3747: checking for strings.h
configure:3747: gcc -c   conftest.c >&5
configure:3747: $? = 0
configure:3747: result: yes
configure:3747: checking for inttypes.h
configure:3747: gcc -c   conftest.c >&5
configure:3747: $? = 0
configure:3747: result: yes
configure:3747: checking for stdint.h
configure:3747: gcc -c   conftest.c >&5
configure:3747: $? = 0
configure:3747: result: yes
configure:3747: checking for unistd.h
configure:3747: gcc -c   conftest.c >&5
configure:3747: $? = 0
configure:3747: result: yes
configure:3760: checking limits.h usability
configure:3760: gcc -c   conftest.c >&5
configure:3760: $? = 0
configure:3760: result: yes
configure:3760: checking limits.h presence
configure:3760: gcc -E  conftest.c
configure:3760: $? = 0
configure:3760: result: yes
configure:3760: checking for limits.h
configure:3760: result: yes
configure:3772: checking for unistd.h
configure:3772: result: yes
configure:3788: checking stdlib.h
configure:3833: result: yes
configure:3842: checking if the compiler understands -pipe
configure:3860: gcc -c  -pipe  conftest.c >&5
configure:3860: $? = 0
configure:3868: result: yes
configure:4177: checking for building with threads
configure:4191: result: no (default)
configure:4206: checking for sin
configure:4206: gcc -o conftest  -pipe   conftest.c  >&5
conftest.c:44: warning: conflicting types for built-in function 'sin'
/tmp/ccBfTfFP.o: In function `main':
conftest.c:(.text+0x7): undefined reference to `sin'
collect2: ld returned 1 exit status
configure:4206: $? = 1
configure: failed program was:
| /* confdefs.h */
| #define PACKAGE_NAME ""
| #define PACKAGE_TARNAME ""
| #define PACKAGE_VERSION ""
| #define PACKAGE_STRING ""
| #define PACKAGE_BUGREPORT ""
| #define PACKAGE_URL ""
| #define STDC_HEADERS 1
| #define HAVE_SYS_TYPES_H 1
| #define HAVE_SYS_STAT_H 1
| #define HAVE_STDLIB_H 1
| #define HAVE_STRING_H 1
| #define HAVE_MEMORY_H 1
| #define HAVE_STRINGS_H 1
| #define HAVE_INTTYPES_H 1
| #define HAVE_STDINT_H 1
| #define HAVE_UNISTD_H 1
| #define HAVE_LIMITS_H 1
| #define HAVE_UNISTD_H 1
| /* end confdefs.h.  */
| /* Define sin to an innocuous variant, in case <limits.h> declares sin.
|    For example, HP-UX 11i <limits.h> declares gettimeofday.  */
| #define sin innocuous_sin
| 
| /* System header to define __stub macros and hopefully few prototypes,
|     which can conflict with char sin (); below.
|     Prefer <limits.h> to <assert.h> if __STDC__ is defined, since
|     <limits.h> exists even on freestanding compilers.  */
| 
| #ifdef __STDC__
| # include <limits.h>
| #else
| # include <assert.h>
| #endif
| 
| #undef sin
| 
| /* Override any GCC internal prototype to avoid an error.
|    Use char because int might match the return type of a GCC
|    builtin and then its argument prototype would still apply.  */
| #ifdef __cplusplus
| extern "C"
| #endif
| char sin ();
| /* The GNU C library defines this for functions which it implements
|     to always fail with ENOSYS.  Some functions are actually named
|     something starting with __ and the normal name is an alias.  */
| #if defined __stub_sin || defined __stub___sin
| choke me
| #endif
| 
| int
| main ()
| {
| return sin ();
|   ;
|   return 0;
| }
configure:4206: result: no
configure:4213: checking for main in -lieee
configure:4232: gcc -o conftest  -pipe   conftest.c -lieee   >&5
configure:4232: $? = 0
configure:4241: result: yes
configure:4252: checking how to build libraries
configure:4274: result: static
configure:4331: checking for ranlib
configure:4347: found /usr/bin/ranlib
configure:4358: result: ranlib
configure:4384: checking if 64bit support is requested
configure:4393: result: no
configure:4398: checking if 64bit Sparc VIS support is requested
configure:4407: result: no
configure:4419: checking system version
configure:4447: result: Linux-2.6.32-30-generic
configure:4455: checking for dlopen in -ldl
configure:4480: gcc -o conftest  -pipe   conftest.c -ldl   >&5
configure:4480: $? = 0
configure:4489: result: yes
configure:4523: checking for ar
configure:4539: found /usr/bin/ar
configure:4550: result: ar
configure:6246: checking for build with symbols
configure:6260: result: no
configure:6304: checking for required early compiler flags
configure:6322: gcc -c  -pipe  conftest.c >&5
configure:6322: $? = 0
configure:6368: gcc -c  -pipe  conftest.c >&5
conftest.c: In function 'main':
conftest.c:27: error: storage size of 'buf' isn't known
configure:6368: $? = 1
configure: failed program was:
| /* confdefs.h */
| #define PACKAGE_NAME ""
| #define PACKAGE_TARNAME ""
| #define PACKAGE_VERSION ""
| #define PACKAGE_STRING ""
| #define PACKAGE_BUGREPORT ""
| #define PACKAGE_URL ""
| #define STDC_HEADERS 1
| #define HAVE_SYS_TYPES_H 1
| #define HAVE_SYS_STAT_H 1
| #define HAVE_STDLIB_H 1
| #define HAVE_STRING_H 1
| #define HAVE_MEMORY_H 1
| #define HAVE_STRINGS_H 1
| #define HAVE_INTTYPES_H 1
| #define HAVE_STDINT_H 1
| #define HAVE_UNISTD_H 1
| #define HAVE_LIMITS_H 1
| #define HAVE_UNISTD_H 1
| #define STATIC_BUILD 1
| #define PEEK_XCLOSEIM 1
| /* end confdefs.h.  */
| #include <sys/stat.h>
| int
| main ()
| {
| struct stat64 buf; int i = stat64("/", &buf);
|   ;
|   return 0;
| }
configure:6383: gcc -c  -pipe  conftest.c >&5
configure:6383: $? = 0
configure:6414: gcc -c  -pipe  conftest.c >&5
conftest.c: In function 'main':
conftest.c:28: error: 'open64' undeclared (first use in this function)
conftest.c:28: error: (Each undeclared identifier is reported only once
conftest.c:28: error: for each function it appears in.)
configure:6414: $? = 1
configure: failed program was:
| /* confdefs.h */
| #define PACKAGE_NAME ""
| #define PACKAGE_TARNAME ""
| #define PACKAGE_VERSION ""
| #define PACKAGE_STRING ""
| #define PACKAGE_BUGREPORT ""
| #define PACKAGE_URL ""
| #define STDC_HEADERS 1
| #define HAVE_SYS_TYPES_H 1
| #define HAVE_SYS_STAT_H 1
| #define HAVE_STDLIB_H 1
| #define HAVE_STRING_H 1
| #define HAVE_MEMORY_H 1
| #define HAVE_STRINGS_H 1
| #define HAVE_INTTYPES_H 1
| #define HAVE_STDINT_H 1
| #define HAVE_UNISTD_H 1
| #define HAVE_LIMITS_H 1
| #define HAVE_UNISTD_H 1
| #define STATIC_BUILD 1
| #define PEEK_XCLOSEIM 1
| #define _LARGEFILE64_SOURCE 1
| /* end confdefs.h.  */
| #include <sys/stat.h>
| int
| main ()
| {
| char *p = (char *)open64;
|   ;
|   return 0;
| }
configure:6429: gcc -c  -pipe  conftest.c >&5
conftest.c: In function 'main':
conftest.c:29: error: 'open64' undeclared (first use in this function)
conftest.c:29: error: (Each undeclared identifier is reported only once
conftest.c:29: error: for each function it appears in.)
configure:6429: $? = 1
configure: failed program was:
| /* confdefs.h */
| #define PACKAGE_NAME ""
| #define PACKAGE_TARNAME ""
| #define PACKAGE_VERSION ""
| #define PACKAGE_STRING ""
| #define PACKAGE_BUGREPORT ""
| #define PACKAGE_URL ""
| #define STDC_HEADERS 1
| #define HAVE_SYS_TYPES_H 1
| #define HAVE_SYS_STAT_H 1
| #define HAVE_STDLIB_H 1
| #define HAVE_STRING_H 1
| #define HAVE_MEMORY_H 1
| #define HAVE_STRINGS_H 1
| #define HAVE_INTTYPES_H 1
| #define HAVE_STDINT_H 1
| #define HAVE_UNISTD_H 1
| #define HAVE_LIMITS_H 1
| #define HAVE_UNISTD_H 1
| #define STATIC_BUILD 1
| #define PEEK_XCLOSEIM 1
| #define _LARGEFILE64_SOURCE 1
| /* end confdefs.h.  */
| #define _LARGEFILE_SOURCE64 1
| #include <sys/stat.h>
| int
| main ()
| {
| char *p = (char *)open64;
|   ;
|   return 0;
| }
configure:6449: result:  _LARGEFILE64_SOURCE
configure:6455: checking for 64-bit integer type
configure:6474: gcc -c  -pipe  conftest.c >&5
conftest.c: In function 'main':
conftest.c:28: error: '__int64' undeclared (first use in this function)
conftest.c:28: error: (Each undeclared identifier is reported only once
conftest.c:28: error: for each function it appears in.)
conftest.c:28: error: expected ';' before 'value'
configure:6474: $? = 1
configure: failed program was:
| /* confdefs.h */
| #define PACKAGE_NAME ""
| #define PACKAGE_TARNAME ""
| #define PACKAGE_VERSION ""
| #define PACKAGE_STRING ""
| #define PACKAGE_BUGREPORT ""
| #define PACKAGE_URL ""
| #define STDC_HEADERS 1
| #define HAVE_SYS_TYPES_H 1
| #define HAVE_SYS_STAT_H 1
| #define HAVE_STDLIB_H 1
| #define HAVE_STRING_H 1
| #define HAVE_MEMORY_H 1
| #define HAVE_STRINGS_H 1
| #define HAVE_INTTYPES_H 1
| #define HAVE_STDINT_H 1
| #define HAVE_UNISTD_H 1
| #define HAVE_LIMITS_H 1
| #define HAVE_UNISTD_H 1
| #define STATIC_BUILD 1
| #define PEEK_XCLOSEIM 1
| #define _LARGEFILE64_SOURCE 1
| /* end confdefs.h.  */
| 
| int
| main ()
| {
| __int64 value = (__int64) 0;
|   ;
|   return 0;
| }
configure:6496: gcc -c  -pipe  conftest.c >&5
configure:6496: $? = 0
configure:6512: result: long long
configure:6516: checking for struct dirent64
configure:6534: gcc -c  -pipe  conftest.c >&5
conftest.c:26:24: error: sys/dirent.h: No such file or directory
conftest.c: In function 'main':
conftest.c:30: error: storage size of 'p' isn't known
configure:6534: $? = 1
configure: failed program was:
| /* confdefs.h */
| #define PACKAGE_NAME ""
| #define PACKAGE_TARNAME ""
| #define PACKAGE_VERSION ""
| #define PACKAGE_STRING ""
| #define PACKAGE_BUGREPORT ""
| #define PACKAGE_URL ""
| #define STDC_HEADERS 1
| #define HAVE_SYS_TYPES_H 1
| #define HAVE_SYS_STAT_H 1
| #define HAVE_STDLIB_H 1
| #define HAVE_STRING_H 1
| #define HAVE_MEMORY_H 1
| #define HAVE_STRINGS_H 1
| #define HAVE_INTTYPES_H 1
| #define HAVE_STDINT_H 1
| #define HAVE_UNISTD_H 1
| #define HAVE_LIMITS_H 1
| #define HAVE_UNISTD_H 1
| #define STATIC_BUILD 1
| #define PEEK_XCLOSEIM 1
| #define _LARGEFILE64_SOURCE 1
| #define TCL_WIDE_INT_TYPE long long
| /* end confdefs.h.  */
| #include <sys/types.h>
| #include <sys/dirent.h>
| int
| main ()
| {
| struct dirent64 p;
|   ;
|   return 0;
| }
configure:6541: result: no
configure:6548: checking for struct stat64
configure:6566: gcc -c  -pipe  conftest.c >&5
configure:6566: $? = 0
configure:6573: result: yes
configure:6583: checking for open64
configure:6583: gcc -o conftest  -pipe   -Wl,--export-dynamic conftest.c  >&5
configure:6583: $? = 0
configure:6583: result: yes
configure:6583: checking for lseek64
configure:6583: gcc -o conftest  -pipe   -Wl,--export-dynamic conftest.c  >&5
configure:6583: $? = 0
configure:6583: result: yes
configure:6593: checking for off64_t
configure:6611: gcc -c  -pipe  conftest.c >&5
configure:6611: $? = 0
configure:6624: result: yes
configure:6637: checking whether byte ordering is bigendian
configure:6652: gcc -c  -pipe  conftest.c >&5
conftest.c:30: error: expected '=', ',', ';', 'asm' or '__attribute__' before 'a'
configure:6652: $? = 1
configure: failed program was:
| /* confdefs.h */
| #define PACKAGE_NAME ""
| #define PACKAGE_TARNAME ""
| #define PACKAGE_VERSION ""
| #define PACKAGE_STRING ""
| #define PACKAGE_BUGREPORT ""
| #define PACKAGE_URL ""
| #define STDC_HEADERS 1
| #define HAVE_SYS_TYPES_H 1
| #define HAVE_SYS_STAT_H 1
| #define HAVE_STDLIB_H 1
| #define HAVE_STRING_H 1
| #define HAVE_MEMORY_H 1
| #define HAVE_STRINGS_H 1
| #define HAVE_INTTYPES_H 1
| #define HAVE_STDINT_H 1
| #define HAVE_UNISTD_H 1
| #define HAVE_LIMITS_H 1
| #define HAVE_UNISTD_H 1
| #define STATIC_BUILD 1
| #define PEEK_XCLOSEIM 1
| #define _LARGEFILE64_SOURCE 1
| #define TCL_WIDE_INT_TYPE long long
| #define HAVE_STRUCT_STAT64 1
| #define HAVE_OPEN64 1
| #define HAVE_LSEEK64 1
| #define HAVE_TYPE_OFF64_T 1
| /* end confdefs.h.  */
| #ifndef __APPLE_CC__
| 	       not a universal capable compiler
| 	     #endif
| 	     typedef int dummy;
| 
configure:6697: gcc -c  -pipe  conftest.c >&5
configure:6697: $? = 0
configure:6715: gcc -c  -pipe  conftest.c >&5
conftest.c: In function 'main':
conftest.c:36: error: 'not' undeclared (first use in this function)
conftest.c:36: error: (Each undeclared identifier is reported only once
conftest.c:36: error: for each function it appears in.)
conftest.c:36: error: expected ';' before 'big'
configure:6715: $? = 1
configure: failed program was:
| /* confdefs.h */
| #define PACKAGE_NAME ""
| #define PACKAGE_TARNAME ""
| #define PACKAGE_VERSION ""
| #define PACKAGE_STRING ""
| #define PACKAGE_BUGREPORT ""
| #define PACKAGE_URL ""
| #define STDC_HEADERS 1
| #define HAVE_SYS_TYPES_H 1
| #define HAVE_SYS_STAT_H 1
| #define HAVE_STDLIB_H 1
| #define HAVE_STRING_H 1
| #define HAVE_MEMORY_H 1
| #define HAVE_STRINGS_H 1
| #define HAVE_INTTYPES_H 1
| #define HAVE_STDINT_H 1
| #define HAVE_UNISTD_H 1
| #define HAVE_LIMITS_H 1
| #define HAVE_UNISTD_H 1
| #define STATIC_BUILD 1
| #define PEEK_XCLOSEIM 1
| #define _LARGEFILE64_SOURCE 1
| #define TCL_WIDE_INT_TYPE long long
| #define HAVE_STRUCT_STAT64 1
| #define HAVE_OPEN64 1
| #define HAVE_LSEEK64 1
| #define HAVE_TYPE_OFF64_T 1
| /* end confdefs.h.  */
| #include <sys/types.h>
| 		#include <sys/param.h>
| 
| int
| main ()
| {
| #if BYTE_ORDER != BIG_ENDIAN
| 		 not big endian
| 		#endif
| 
|   ;
|   return 0;
| }
configure:6843: result: no
configure:6892: checking for fd_set in sys/types
configure:6909: gcc -c  -pipe  conftest.c >&5
configure:6909: $? = 0
configure:6916: result: yes
configure:6959: checking sys/time.h usability
configure:6959: gcc -c  -pipe  conftest.c >&5
configure:6959: $? = 0
configure:6959: result: yes
configure:6959: checking sys/time.h presence
configure:6959: gcc -E  conftest.c
configure:6959: $? = 0
configure:6959: result: yes
configure:6959: checking for sys/time.h
configure:6959: result: yes
configure:6969: checking whether time.h and sys/time.h may both be included
configure:6989: gcc -c  -pipe  conftest.c >&5
configure:6989: $? = 0
configure:6996: result: yes
configure:7013: checking for strtod
configure:7013: gcc -o conftest  -pipe   -Wl,--export-dynamic conftest.c  >&5
configure:7013: $? = 0
configure:7013: result: yes
configure:7021: checking for Solaris2.4/Tru64 strtod bugs
configure:7053: gcc -o conftest  -pipe   -Wl,--export-dynamic conftest.c  >&5
conftest.c: In function 'main':
conftest.c:39: warning: incompatible implicit declaration of built-in function 'exit'
conftest.c:43: warning: incompatible implicit declaration of built-in function 'exit'
conftest.c:47: warning: incompatible implicit declaration of built-in function 'exit'
conftest.c:49: warning: incompatible implicit declaration of built-in function 'exit'
configure:7053: $? = 0
configure:7053: ./conftest
configure:7053: $? = 0
configure:7063: result: ok
configure:7078: checking for mode_t
configure:7078: gcc -c  -pipe  conftest.c >&5
configure:7078: $? = 0
configure:7078: gcc -c  -pipe  conftest.c >&5
conftest.c: In function 'main':
conftest.c:67: error: expected expression before ')' token
configure:7078: $? = 1
configure: failed program was:
| /* confdefs.h */
| #define PACKAGE_NAME ""
| #define PACKAGE_TARNAME ""
| #define PACKAGE_VERSION ""
| #define PACKAGE_STRING ""
| #define PACKAGE_BUGREPORT ""
| #define PACKAGE_URL ""
| #define STDC_HEADERS 1
| #define HAVE_SYS_TYPES_H 1
| #define HAVE_SYS_STAT_H 1
| #define HAVE_STDLIB_H 1
| #define HAVE_STRING_H 1
| #define HAVE_MEMORY_H 1
| #define HAVE_STRINGS_H 1
| #define HAVE_INTTYPES_H 1
| #define HAVE_STDINT_H 1
| #define HAVE_UNISTD_H 1
| #define HAVE_LIMITS_H 1
| #define HAVE_UNISTD_H 1
| #define STATIC_BUILD 1
| #define PEEK_XCLOSEIM 1
| #define _LARGEFILE64_SOURCE 1
| #define TCL_WIDE_INT_TYPE long long
| #define HAVE_STRUCT_STAT64 1
| #define HAVE_OPEN64 1
| #define HAVE_LSEEK64 1
| #define HAVE_TYPE_OFF64_T 1
| #define HAVE_SYS_TIME_H 1
| #define TIME_WITH_SYS_TIME 1
| /* end confdefs.h.  */
| #include <stdio.h>
| #ifdef HAVE_SYS_TYPES_H
| # include <sys/types.h>
| #endif
| #ifdef HAVE_SYS_STAT_H
| # include <sys/stat.h>
| #endif
| #ifdef STDC_HEADERS
| # include <stdlib.h>
| # include <stddef.h>
| #else
| # ifdef HAVE_STDLIB_H
| #  include <stdlib.h>
| # endif
| #endif
| #ifdef HAVE_STRING_H
| # if !defined STDC_HEADERS && defined HAVE_MEMORY_H
| #  include <memory.h>
| # endif
| # include <string.h>
| #endif
| #ifdef HAVE_STRINGS_H
| # include <strings.h>
| #endif
| #ifdef HAVE_INTTYPES_H
| # include <inttypes.h>
| #endif
| #ifdef HAVE_STDINT_H
| # include <stdint.h>
| #endif
| #ifdef HAVE_UNISTD_H
| # include <unistd.h>
| #endif
| int
| main ()
| {
| if (sizeof ((mode_t)))
| 	    return 0;
|   ;
|   return 0;
| }
configure:7078: result: yes
configure:7089: checking for pid_t
configure:7089: gcc -c  -pipe  conftest.c >&5
configure:7089: $? = 0
configure:7089: gcc -c  -pipe  conftest.c >&5
conftest.c: In function 'main':
conftest.c:67: error: expected expression before ')' token
configure:7089: $? = 1
configure: failed program was:
| /* confdefs.h */
| #define PACKAGE_NAME ""
| #define PACKAGE_TARNAME ""
| #define PACKAGE_VERSION ""
| #define PACKAGE_STRING ""
| #define PACKAGE_BUGREPORT ""
| #define PACKAGE_URL ""
| #define STDC_HEADERS 1
| #define HAVE_SYS_TYPES_H 1
| #define HAVE_SYS_STAT_H 1
| #define HAVE_STDLIB_H 1
| #define HAVE_STRING_H 1
| #define HAVE_MEMORY_H 1
| #define HAVE_STRINGS_H 1
| #define HAVE_INTTYPES_H 1
| #define HAVE_STDINT_H 1
| #define HAVE_UNISTD_H 1
| #define HAVE_LIMITS_H 1
| #define HAVE_UNISTD_H 1
| #define STATIC_BUILD 1
| #define PEEK_XCLOSEIM 1
| #define _LARGEFILE64_SOURCE 1
| #define TCL_WIDE_INT_TYPE long long
| #define HAVE_STRUCT_STAT64 1
| #define HAVE_OPEN64 1
| #define HAVE_LSEEK64 1
| #define HAVE_TYPE_OFF64_T 1
| #define HAVE_SYS_TIME_H 1
| #define TIME_WITH_SYS_TIME 1
| /* end confdefs.h.  */
| #include <stdio.h>
| #ifdef HAVE_SYS_TYPES_H
| # include <sys/types.h>
| #endif
| #ifdef HAVE_SYS_STAT_H
| # include <sys/stat.h>
| #endif
| #ifdef STDC_HEADERS
| # include <stdlib.h>
| # include <stddef.h>
| #else
| # ifdef HAVE_STDLIB_H
| #  include <stdlib.h>
| # endif
| #endif
| #ifdef HAVE_STRING_H
| # if !defined STDC_HEADERS && defined HAVE_MEMORY_H
| #  include <memory.h>
| # endif
| # include <string.h>
| #endif
| #ifdef HAVE_STRINGS_H
| # include <strings.h>
| #endif
| #ifdef HAVE_INTTYPES_H
| # include <inttypes.h>
| #endif
| #ifdef HAVE_STDINT_H
| # include <stdint.h>
| #endif
| #ifdef HAVE_UNISTD_H
| # include <unistd.h>
| #endif
| int
| main ()
| {
| if (sizeof ((pid_t)))
| 	    return 0;
|   ;
|   return 0;
| }
configure:7089: result: yes
configure:7100: checking for size_t
configure:7100: gcc -c  -pipe  conftest.c >&5
configure:7100: $? = 0
configure:7100: gcc -c  -pipe  conftest.c >&5
conftest.c: In function 'main':
conftest.c:67: error: expected expression before ')' token
configure:7100: $? = 1
configure: failed program was:
| /* confdefs.h */
| #define PACKAGE_NAME ""
| #define PACKAGE_TARNAME ""
| #define PACKAGE_VERSION ""
| #define PACKAGE_STRING ""
| #define PACKAGE_BUGREPORT ""
| #define PACKAGE_URL ""
| #define STDC_HEADERS 1
| #define HAVE_SYS_TYPES_H 1
| #define HAVE_SYS_STAT_H 1
| #define HAVE_STDLIB_H 1
| #define HAVE_STRING_H 1
| #define HAVE_MEMORY_H 1
| #define HAVE_STRINGS_H 1
| #define HAVE_INTTYPES_H 1
| #define HAVE_STDINT_H 1
| #define HAVE_UNISTD_H 1
| #define HAVE_LIMITS_H 1
| #define HAVE_UNISTD_H 1
| #define STATIC_BUILD 1
| #define PEEK_XCLOSEIM 1
| #define _LARGEFILE64_SOURCE 1
| #define TCL_WIDE_INT_TYPE long long
| #define HAVE_STRUCT_STAT64 1
| #define HAVE_OPEN64 1
| #define HAVE_LSEEK64 1
| #define HAVE_TYPE_OFF64_T 1
| #define HAVE_SYS_TIME_H 1
| #define TIME_WITH_SYS_TIME 1
| /* end confdefs.h.  */
| #include <stdio.h>
| #ifdef HAVE_SYS_TYPES_H
| # include <sys/types.h>
| #endif
| #ifdef HAVE_SYS_STAT_H
| # include <sys/stat.h>
| #endif
| #ifdef STDC_HEADERS
| # include <stdlib.h>
| # include <stddef.h>
| #else
| # ifdef HAVE_STDLIB_H
| #  include <stdlib.h>
| # endif
| #endif
| #ifdef HAVE_STRING_H
| # if !defined STDC_HEADERS && defined HAVE_MEMORY_H
| #  include <memory.h>
| # endif
| # include <string.h>
| #endif
| #ifdef HAVE_STRINGS_H
| # include <strings.h>
| #endif
| #ifdef HAVE_INTTYPES_H
| # include <inttypes.h>
| #endif
| #ifdef HAVE_STDINT_H
| # include <stdint.h>
| #endif
| #ifdef HAVE_UNISTD_H
| # include <unistd.h>
| #endif
| int
| main ()
| {
| if (sizeof ((size_t)))
| 	    return 0;
|   ;
|   return 0;
| }
configure:7100: result: yes
configure:7111: checking for uid_t in sys/types.h
configure:7130: result: yes
configure:7146: checking pw_gecos in struct pwd
configure:7163: gcc -c  -pipe  conftest.c >&5
configure:7163: $? = 0
configure:7170: result: yes
configure:7283: checking for X
configure:7391: gcc -E  conftest.c
configure:7391: $? = 0
configure:7422: gcc -o conftest  -pipe   -Wl,--export-dynamic conftest.c -lX11  >&5
configure:7422: $? = 0
configure:7472: result: libraries , headers 
configure:7483: gcc -E  conftest.c
conftest.c:32:28: error: X11/XIntrinsic.h: No such file or directory
configure:7483: $? = 1
configure: failed program was:
| /* confdefs.h */
| #define PACKAGE_NAME ""
| #define PACKAGE_TARNAME ""
| #define PACKAGE_VERSION ""
| #define PACKAGE_STRING ""
| #define PACKAGE_BUGREPORT ""
| #define PACKAGE_URL ""
| #define STDC_HEADERS 1
| #define HAVE_SYS_TYPES_H 1
| #define HAVE_SYS_STAT_H 1
| #define HAVE_STDLIB_H 1
| #define HAVE_STRING_H 1
| #define HAVE_MEMORY_H 1
| #define HAVE_STRINGS_H 1
| #define HAVE_INTTYPES_H 1
| #define HAVE_STDINT_H 1
| #define HAVE_UNISTD_H 1
| #define HAVE_LIMITS_H 1
| #define HAVE_UNISTD_H 1
| #define STATIC_BUILD 1
| #define PEEK_XCLOSEIM 1
| #define _LARGEFILE64_SOURCE 1
| #define TCL_WIDE_INT_TYPE long long
| #define HAVE_STRUCT_STAT64 1
| #define HAVE_OPEN64 1
| #define HAVE_LSEEK64 1
| #define HAVE_TYPE_OFF64_T 1
| #define HAVE_SYS_TIME_H 1
| #define TIME_WITH_SYS_TIME 1
| #define HAVE_PW_GECOS 1
| /* end confdefs.h.  */
| #include <X11/XIntrinsic.h>
configure:7496: checking for X11 header files
configure:7503: gcc -E  conftest.c
configure:7503: $? = 0
configure:7651: checking for main in -lXbsd
configure:7670: gcc -o conftest  -pipe   -Wl,--export-dynamic conftest.c -lXbsd   >&5
/usr/bin/ld: cannot find -lXbsd
collect2: ld returned 1 exit status
configure:7670: $? = 1
configure: failed program was:
| /* confdefs.h */
| #define PACKAGE_NAME ""
| #define PACKAGE_TARNAME ""
| #define PACKAGE_VERSION ""
| #define PACKAGE_STRING ""
| #define PACKAGE_BUGREPORT ""
| #define PACKAGE_URL ""
| #define STDC_HEADERS 1
| #define HAVE_SYS_TYPES_H 1
| #define HAVE_SYS_STAT_H 1
| #define HAVE_STDLIB_H 1
| #define HAVE_STRING_H 1
| #define HAVE_MEMORY_H 1
| #define HAVE_STRINGS_H 1
| #define HAVE_INTTYPES_H 1
| #define HAVE_STDINT_H 1
| #define HAVE_UNISTD_H 1
| #define HAVE_LIMITS_H 1
| #define HAVE_UNISTD_H 1
| #define STATIC_BUILD 1
| #define PEEK_XCLOSEIM 1
| #define _LARGEFILE64_SOURCE 1
| #define TCL_WIDE_INT_TYPE long long
| #define HAVE_STRUCT_STAT64 1
| #define HAVE_OPEN64 1
| #define HAVE_LSEEK64 1
| #define HAVE_TYPE_OFF64_T 1
| #define HAVE_SYS_TIME_H 1
| #define TIME_WITH_SYS_TIME 1
| #define HAVE_PW_GECOS 1
| /* end confdefs.h.  */
| 
| 
| int
| main ()
| {
| return main ();
|   ;
|   return 0;
| }
configure:7679: result: no
configure:7688: checking for connect
configure:7688: gcc -o conftest  -pipe   -Wl,--export-dynamic conftest.c  >&5
configure:7688: $? = 0
configure:7688: result: yes
configure:7744: checking for gethostbyname
configure:7744: gcc -o conftest  -pipe   -Wl,--export-dynamic conftest.c  >&5
configure:7744: $? = 0
configure:7744: result: yes
configure:7840: checking whether char is unsigned
configure:7858: gcc -c  -pipe  conftest.c >&5
configure:7858: $? = 0
configure:7865: result: no
configure:8267: creating ./config.status

## ---------------------- ##
## Running config.status. ##
## ---------------------- ##

This file was extended by config.status, which was
generated by GNU Autoconf 2.65.  Invocation command line was

  CONFIG_FILES    = 
  CONFIG_HEADERS  = 
  CONFIG_LINKS    = 
  CONFIG_COMMANDS = 
  $ ./config.status 

on amir-laptop

config.status:824: creating Makefile
config.status:923: WARNING:  'Makefile.in' seems to ignore the --datarootdir setting
config.status:824: creating tkConfig.sh
configure:9288: WARNING: unrecognized options: --enable-gcc

## ---------------- ##
## Cache variables. ##
## ---------------- ##

ac_cv_c_bigendian=no
ac_cv_c_char_unsigned=no
ac_cv_c_compiler_gnu=yes
ac_cv_c_tclconfig=/home/amir/ns-allinone-2.34/tcl8.4.18/unix
ac_cv_env_CC_set=
ac_cv_env_CC_value=
ac_cv_env_CFLAGS_set=
ac_cv_env_CFLAGS_value=
ac_cv_env_CPPFLAGS_set=
ac_cv_env_CPPFLAGS_value=
ac_cv_env_CPP_set=
ac_cv_env_CPP_value=
ac_cv_env_LDFLAGS_set=
ac_cv_env_LDFLAGS_value=
ac_cv_env_LIBS_set=
ac_cv_env_LIBS_value=
ac_cv_env_XMKMF_set=
ac_cv_env_XMKMF_value=
ac_cv_env_build_alias_set=
ac_cv_env_build_alias_value=
ac_cv_env_host_alias_set=
ac_cv_env_host_alias_value=
ac_cv_env_target_alias_set=
ac_cv_env_target_alias_value=
ac_cv_func_connect=yes
ac_cv_func_gethostbyname=yes
ac_cv_func_lseek64=yes
ac_cv_func_open64=yes
ac_cv_func_sin=no
ac_cv_func_strtod=yes
ac_cv_have_x='have_x=yes	ac_x_includes='\'''\''	ac_x_libraries='\'''\'''
ac_cv_header_inttypes_h=yes
ac_cv_header_limits_h=yes
ac_cv_header_memory_h=yes
ac_cv_header_stdc=yes
ac_cv_header_stdint_h=yes
ac_cv_header_stdlib_h=yes
ac_cv_header_string_h=yes
ac_cv_header_strings_h=yes
ac_cv_header_sys_stat_h=yes
ac_cv_header_sys_time_h=yes
ac_cv_header_sys_types_h=yes
ac_cv_header_time=yes
ac_cv_header_unistd_h=yes
ac_cv_lib_Xbsd_main=no
ac_cv_lib_dl_dlopen=yes
ac_cv_lib_ieee_main=yes
ac_cv_objext=o
ac_cv_path_EGREP='/bin/grep -E'
ac_cv_path_GREP=/bin/grep
ac_cv_path_tclsh=/home/amir/ns-allinone-2.34/bin/tclsh8.4
ac_cv_prog_AR=ar
ac_cv_prog_CPP='gcc -E'
ac_cv_prog_ac_ct_CC=gcc
ac_cv_prog_ac_ct_RANLIB=ranlib
ac_cv_prog_cc_c89=
ac_cv_prog_cc_g=yes
ac_cv_type_mode_t=yes
ac_cv_type_pid_t=yes
ac_cv_type_size_t=yes
ac_cv_type_uid_t=yes
tcl_cv_cc_pipe=yes
tcl_cv_flag__isoc99_source=no
tcl_cv_flag__largefile64_source=yes
tcl_cv_flag__largefile_source64=no
tcl_cv_pwd_pw_gecos=yes
tcl_cv_strtod_buggy=ok
tcl_cv_struct_dirent64=no
tcl_cv_struct_stat64=yes
tcl_cv_sys_version=Linux-2.6.32-30-generic
tcl_cv_type_64bit='long long'
tcl_cv_type_fd_set=yes
tcl_cv_type_off64_t=yes

## ----------------- ##
## Output variables. ##
## ----------------- ##

APP_RSRC_FILE=''
AR='ar'
BUILD_TCLSH='/home/amir/ns-allinone-2.34/tcl8.4.18/unix/tclsh'
CC='gcc'
CC_SEARCH_FLAGS='-Wl,-rpath,${LIB_RUNTIME_DIR}'
CFBUNDLELOCALIZATIONS=''
CFLAGS=' -pipe '
CFLAGS_DEBUG='-g'
CFLAGS_DEFAULT='$(CFLAGS_OPTIMIZE)'
CFLAGS_OPTIMIZE='-O2'
CFLAGS_WARNING='-Wall -Wno-implicit-int -fno-strict-aliasing'
CPP='gcc -E'
CPPFLAGS=''
DEFS='-DPACKAGE_NAME=\"\" -DPACKAGE_TARNAME=\"\" -DPACKAGE_VERSION=\"\" -DPACKAGE_STRING=\"\" -DPACKAGE_BUGREPORT=\"\" -DPACKAGE_URL=\"\" -DSTDC_HEADERS=1 -DHAVE_SYS_TYPES_H=1 -DHAVE_SYS_STAT_H=1 -DHAVE_STDLIB_H=1 -DHAVE_STRING_H=1 -DHAVE_MEMORY_H=1 -DHAVE_STRINGS_H=1 -DHAVE_INTTYPES_H=1 -DHAVE_STDINT_H=1 -DHAVE_UNISTD_H=1 -DHAVE_LIMITS_H=1 -DHAVE_UNISTD_H=1 -DSTATIC_BUILD=1 -DPEEK_XCLOSEIM=1 -D_LARGEFILE64_SOURCE=1 -DTCL_WIDE_INT_TYPE=long\ long -DHAVE_STRUCT_STAT64=1 -DHAVE_OPEN64=1 -DHAVE_LSEEK64=1 -DHAVE_TYPE_OFF64_T=1 -DHAVE_SYS_TIME_H=1 -DTIME_WITH_SYS_TIME=1 -DHAVE_PW_GECOS=1'
DL_LIBS='-ldl'
DL_OBJS='tclLoadDl.o'
ECHO_C=''
ECHO_N='-n'
ECHO_T=''
EGREP='/bin/grep -E'
EXEEXT=''
EXTRA_APP_CC_SWITCHES=''
EXTRA_BUILD_HTML=''
EXTRA_CC_SWITCHES=''
EXTRA_INSTALL=''
EXTRA_INSTALL_BINARIES=''
EXTRA_WISH_LIBS=''
GREP='/bin/grep'
HTML_DIR='$(DISTDIR)/html'
INSTALL_LIB='$(INSTALL_LIBRARY) $(LIB_FILE) $(LIB_INSTALL_DIR)/$(LIB_FILE) ; (cd $(LIB_INSTALL_DIR) ; $(RANLIB) $(LIB_FILE))'
INSTALL_STUB_LIB='$(INSTALL_LIBRARY) $(STUB_LIB_FILE) $(LIB_INSTALL_DIR)/$(STUB_LIB_FILE) ; (cd $(LIB_INSTALL_DIR) ; $(RANLIB) $(STUB_LIB_FILE))'
LDFLAGS=' -Wl,--export-dynamic'
LDFLAGS_DEBUG=''
LDFLAGS_DEFAULT='$(LDFLAGS_OPTIMIZE)'
LDFLAGS_OPTIMIZE=''
LD_LIBRARY_PATH_VAR='LD_LIBRARY_PATH'
LD_SEARCH_FLAGS='-Wl,-rpath,${LIB_RUNTIME_DIR}'
LIBOBJS=''
LIBS=''
LIB_RSRC_FILE=''
LOCALES='cs de el en en_gb eo es fr hu it nl pl pt ru'
LTLIBOBJS=''
MAKE_LIB='${STLIB_LD} $@ ${OBJS} ; ${RANLIB} $@'
MAKE_STUB_LIB='${STLIB_LD} $@ ${STUB_LIB_OBJS} ; ${RANLIB} $@'
MAN_FLAGS=''
MATH_LIBS='-lieee -lm'
OBJEXT='o'
PACKAGE_BUGREPORT=''
PACKAGE_NAME=''
PACKAGE_STRING=''
PACKAGE_TARNAME=''
PACKAGE_URL=''
PACKAGE_VERSION=''
PATH_SEPARATOR=':'
PLAT_OBJS=''
PLAT_SRCS=''
PRIVATE_INCLUDE_DIR='$(includedir)'
RANLIB='ranlib'
REZ=''
REZ_FLAGS=''
SHELL='/bin/bash'
SHLIB_CFLAGS='-fPIC'
SHLIB_LD='${CC} -shared ${CFLAGS} ${LDFLAGS}'
SHLIB_LD_LIBS='${LIBS}'
SHLIB_SUFFIX='.so'
STLIB_LD='${AR} cr'
TCLSH_PROG='/home/amir/ns-allinone-2.34/bin/tclsh8.4'
TCL_BIN_DIR='/home/amir/ns-allinone-2.34/tcl8.4.18/unix'
TCL_LIB_FILE='libtcl8.4.a'
TCL_LIB_FLAG='-ltcl8.4'
TCL_LIB_SPEC='-L/home/amir/ns-allinone-2.34/tcl8.4.18/unix -ltcl8.4'
TCL_SHLIB_LD_EXTRAS=''
TCL_SRC_DIR='/home/amir/ns-allinone-2.34/tcl8.4.18'
TCL_STUB_FLAGS=''
TCL_STUB_LIB_FILE='libtclstub8.4.a'
TCL_STUB_LIB_FLAG='-ltclstub8.4'
TCL_STUB_LIB_SPEC='-L/home/amir/ns-allinone-2.34/tcl8.4.18/unix -ltclstub8.4'
TCL_THREADS='0'
TCL_VERSION='8.4'
TK_BUILD_EXP_FILE=''
TK_BUILD_LIB_SPEC='-L/home/amir/ns-allinone-2.34/tk8.4.18/unix -ltk8.4'
TK_BUILD_STUB_LIB_PATH='/home/amir/ns-allinone-2.34/tk8.4.18/unix/libtkstub8.4.a'
TK_BUILD_STUB_LIB_SPEC='-L/home/amir/ns-allinone-2.34/tk8.4.18/unix -ltkstub8.4'
TK_DBGX=''
TK_EXP_FILE=''
TK_INCLUDE_SPEC='-I/home/amir/ns-allinone-2.34/include'
TK_LIBRARY='$(prefix)/lib/tk$(VERSION)'
TK_LIB_FILE='libtk8.4${TK_DBGX}.a'
TK_LIB_FLAG='-ltk8.4'
TK_LIB_SPEC='-L/home/amir/ns-allinone-2.34/lib -ltk8.4'
TK_MAJOR_VERSION='8'
TK_MINOR_VERSION='4'
TK_PATCH_LEVEL='.18'
TK_PKG_DIR='tk$(VERSION)$(TK_DBGX)'
TK_RSRC_FILE='tk$(VERSION).rsrc'
TK_SHARED_BUILD='0'
TK_SHLIB_LD_EXTRAS=''
TK_SRC_DIR='/home/amir/ns-allinone-2.34/tk8.4.18'
TK_STUB_LIB_FILE='libtkstub8.4.a'
TK_STUB_LIB_FLAG='-ltkstub8.4'
TK_STUB_LIB_PATH='/home/amir/ns-allinone-2.34/lib/libtkstub8.4.a'
TK_STUB_LIB_SPEC='-L/home/amir/ns-allinone-2.34/lib -ltkstub8.4'
TK_VERSION='8.4'
TK_WINDOWINGSYSTEM='X11'
TK_YEAR=''
WISH_RSRC_FILE='wish$(VERSION).rsrc'
XINCLUDES=''
XLIBSW='-lX11'
XMKMF=''
ac_ct_CC='gcc'
bindir='${exec_prefix}/bin'
build_alias=''
datadir='${datarootdir}'
datarootdir='${prefix}/share'
docdir='${datarootdir}/doc/${PACKAGE}'
dvidir='${docdir}'
exec_prefix='/home/amir/ns-allinone-2.34'
host_alias=''
htmldir='${docdir}'
includedir='${prefix}/include'
infodir='${datarootdir}/info'
libdir='/home/amir/ns-allinone-2.34/lib'
libexecdir='${exec_prefix}/libexec'
localedir='${datarootdir}/locale'
localstatedir='${prefix}/var'
mandir='${datarootdir}/man'
oldincludedir='/usr/include'
pdfdir='${docdir}'
prefix='/home/amir/ns-allinone-2.34'
program_transform_name='s,x,x,'
psdir='${docdir}'
sbindir='${exec_prefix}/sbin'
sharedstatedir='${prefix}/com'
sysconfdir='${prefix}/etc'
target_alias=''

## ----------- ##
## confdefs.h. ##
## ----------- ##

/* confdefs.h */
#define PACKAGE_NAME ""
#define PACKAGE_TARNAME ""
#define PACKAGE_VERSION ""
#define PACKAGE_STRING ""
#define PACKAGE_BUGREPORT ""
#define PACKAGE_URL ""
#define STDC_HEADERS 1
#define HAVE_SYS_TYPES_H 1
#define HAVE_SYS_STAT_H 1
#define HAVE_STDLIB_H 1
#define HAVE_STRING_H 1
#define HAVE_MEMORY_H 1
#define HAVE_STRINGS_H 1
#define HAVE_INTTYPES_H 1
#define HAVE_STDINT_H 1
#define HAVE_UNISTD_H 1
#define HAVE_LIMITS_H 1
#define HAVE_UNISTD_H 1
#define STATIC_BUILD 1
#define PEEK_XCLOSEIM 1
#define _LARGEFILE64_SOURCE 1
#define TCL_WIDE_INT_TYPE long long
#define HAVE_STRUCT_STAT64 1
#define HAVE_OPEN64 1
#define HAVE_LSEEK64 1
#define HAVE_TYPE_OFF64_T 1
#define HAVE_SYS_TIME_H 1
#define TIME_WITH_SYS_TIME 1
#define HAVE_PW_GECOS 1

configure: exit 0
