This file contains any messages produced by compilers while
running configure, to aid debugging if configure makes a mistake.

It was created by configure, which was
generated by GNU Autoconf 2.65.  Invocation command line was

  $ ./configure 

## --------- ##
## Platform. ##
## --------- ##

hostname = amir-laptop
uname -m = i686
uname -r = 2.6.32-30-generic
uname -s = Linux
uname -v = #59-Ubuntu SMP Tue Mar 1 21:30:21 UTC 2011

/usr/bin/uname -p = unknown
/bin/uname -X     = unknown

/bin/arch              = unknown
/usr/bin/arch -k       = unknown
/usr/convex/getsysinfo = unknown
/usr/bin/hostinfo      = unknown
/bin/machine           = unknown
/usr/bin/oslevel       = unknown
/bin/universe          = unknown

PATH: /home/amir/ns-allinone-2.34/tcl8.4.18/unix
PATH: /home/amir/ns-allinone-2.34/tk8.4.18/unix
PATH: /home/amir/ns-allinone-2.34/bin
PATH: /home/amir/bin
PATH: /usr/local/sbin
PATH: /usr/local/bin
PATH: /usr/sbin
PATH: /usr/bin
PATH: /sbin
PATH: /bin
PATH: /usr/games
PATH: /usr/local/texlive/2010/bin/i386-linux
PATH: /home/amir/serna/bin/
PATH: /home/amir/
PATH: /home/amir/eclipse
PATH: /home/amir/ns-allinone-3.9/
PATH: /home/amir/android-sdk-linux_x86
PATH: /home/amir/android-sdk-linux_x86/tools
PATH: /usr/local/texlive/2010/bin/i386-linux
PATH: /home/amir/serna/bin/
PATH: /home/amir/
PATH: /home/amir/eclipse
PATH: /home/amir/ns-allinone-3.9/
PATH: /home/amir/android-sdk-linux_x86
PATH: /home/amir/android-sdk-linux_x86/tools
PATH: /home/amir/ns-allinone-2.34/bin
PATH: /home/amir/ns-allinone-2.34/tcl8.4.18/unix
PATH: /home/amir/ns-allinone-2.34/tk8.4.18/unix
PATH: /home/amir/ns-allinone-2.34/
PATH: /home/amir/ns-allinone-2.34/nam-1.14/


## ----------- ##
## Core tests. ##
## ----------- ##

configure:2216: checking build system type
configure:2230: result: i686-pc-linux-gnu
configure:2250: checking host system type
configure:2263: result: i686-pc-linux-gnu
configure:2283: checking target system type
configure:2296: result: i686-pc-linux-gnu
configure:2372: checking for gcc
configure:2388: found /usr/bin/gcc
configure:2399: result: gcc
configure:2628: checking for C compiler version
configure:2637: gcc --version >&5
gcc (Ubuntu 4.4.3-4ubuntu5) 4.4.3
Copyright (C) 2009 Free Software Foundation, Inc.
This is free software; see the source for copying conditions.  There is NO
warranty; not even for MERCHANTABILITY or FITNESS FOR A PARTICULAR PURPOSE.

configure:2648: $? = 0
configure:2637: gcc -v >&5
Using built-in specs.
Target: i486-linux-gnu
Configured with: ../src/configure -v --with-pkgversion='Ubuntu 4.4.3-4ubuntu5' --with-bugurl=file:///usr/share/doc/gcc-4.4/README.Bugs --enable-languages=c,c++,fortran,objc,obj-c++ --prefix=/usr --enable-shared --enable-multiarch --enable-linker-build-id --with-system-zlib --libexecdir=/usr/lib --without-included-gettext --enable-threads=posix --with-gxx-include-dir=/usr/include/c++/4.4 --program-suffix=-4.4 --enable-nls --enable-clocale=gnu --enable-libstdcxx-debug --enable-plugin --enable-objc-gc --enable-targets=all --disable-werror --with-arch-32=i486 --with-tune=generic --enable-checking=release --build=i486-linux-gnu --host=i486-linux-gnu --target=i486-linux-gnu
Thread model: posix
gcc version 4.4.3 (Ubuntu 4.4.3-4ubuntu5) 
configure:2648: $? = 0
configure:2637: gcc -V >&5
gcc: '-V' option must have argument
configure:2648: $? = 1
configure:2637: gcc -qversion >&5
gcc: unrecognized option '-qversion'
gcc: no input files
configure:2648: $? = 1
configure:2668: checking whether the C compiler works
configure:2690: gcc    conftest.c  >&5
configure:2694: $? = 0
configure:2743: result: yes
configure:2746: checking for C compiler default output file name
configure:2748: result: a.out
configure:2754: checking for suffix of executables
configure:2761: gcc -o conftest    conftest.c  >&5
configure:2765: $? = 0
configure:2787: result: 
configure:2809: checking whether we are cross compiling
configure:2817: gcc -o conftest    conftest.c  >&5
configure:2821: $? = 0
configure:2828: ./conftest
configure:2832: $? = 0
configure:2847: result: no
configure:2852: checking for suffix of object files
configure:2874: gcc -c   conftest.c >&5
configure:2878: $? = 0
configure:2899: result: o
configure:2903: checking whether we are using the GNU C compiler
configure:2922: gcc -c   conftest.c >&5
configure:2922: $? = 0
configure:2931: result: yes
configure:2940: checking whether gcc accepts -g
configure:2960: gcc -c -g  conftest.c >&5
configure:2960: $? = 0
configure:3001: result: yes
configure:3018: checking for gcc option to accept ISO C89
configure:3082: gcc  -c -g -O2  conftest.c >&5
configure:3082: $? = 0
configure:3095: result: none needed
configure:3173: checking for g++
configure:3189: found /usr/bin/g++
configure:3200: result: g++
configure:3227: checking for C++ compiler version
configure:3236: g++ --version >&5
g++ (Ubuntu 4.4.3-4ubuntu5) 4.4.3
Copyright (C) 2009 Free Software Foundation, Inc.
This is free software; see the source for copying conditions.  There is NO
warranty; not even for MERCHANTABILITY or FITNESS FOR A PARTICULAR PURPOSE.

configure:3247: $? = 0
configure:3236: g++ -v >&5
Using built-in specs.
Target: i486-linux-gnu
Configured with: ../src/configure -v --with-pkgversion='Ubuntu 4.4.3-4ubuntu5' --with-bugurl=file:///usr/share/doc/gcc-4.4/README.Bugs --enable-languages=c,c++,fortran,objc,obj-c++ --prefix=/usr --enable-shared --enable-multiarch --enable-linker-build-id --with-system-zlib --libexecdir=/usr/lib --without-included-gettext --enable-threads=posix --with-gxx-include-dir=/usr/include/c++/4.4 --program-suffix=-4.4 --enable-nls --enable-clocale=gnu --enable-libstdcxx-debug --enable-plugin --enable-objc-gc --enable-targets=all --disable-werror --with-arch-32=i486 --with-tune=generic --enable-checking=release --build=i486-linux-gnu --host=i486-linux-gnu --target=i486-linux-gnu
Thread model: posix
gcc version 4.4.3 (Ubuntu 4.4.3-4ubuntu5) 
configure:3247: $? = 0
configure:3236: g++ -V >&5
g++: '-V' option must have argument
configure:3247: $? = 1
configure:3236: g++ -qversion >&5
g++: unrecognized option '-qversion'
g++: no input files
configure:3247: $? = 1
configure:3251: checking whether we are using the GNU C++ compiler
configure:3270: g++ -c   conftest.cpp >&5
configure:3270: $? = 0
configure:3279: result: yes
configure:3288: checking whether g++ accepts -g
configure:3308: g++ -c -g  conftest.cpp >&5
configure:3308: $? = 0
configure:3349: result: yes
configure:3378: checking how to run the C preprocessor
configure:3409: gcc -E  conftest.c
configure:3409: $? = 0
configure:3423: gcc -E  conftest.c
conftest.c:9:28: error: ac_nonexistent.h: No such file or directory
configure:3423: $? = 1
configure: failed program was:
| /* confdefs.h */
| #define PACKAGE_NAME ""
| #define PACKAGE_TARNAME ""
| #define PACKAGE_VERSION ""
| #define PACKAGE_STRING ""
| #define PACKAGE_BUGREPORT ""
| #define PACKAGE_URL ""
| /* end confdefs.h.  */
| #include <ac_nonexistent.h>
configure:3448: result: gcc -E
configure:3468: gcc -E  conftest.c
configure:3468: $? = 0
configure:3482: gcc -E  conftest.c
conftest.c:9:28: error: ac_nonexistent.h: No such file or directory
configure:3482: $? = 1
configure: failed program was:
| /* confdefs.h */
| #define PACKAGE_NAME ""
| #define PACKAGE_TARNAME ""
| #define PACKAGE_VERSION ""
| #define PACKAGE_STRING ""
| #define PACKAGE_BUGREPORT ""
| #define PACKAGE_URL ""
| /* end confdefs.h.  */
| #include <ac_nonexistent.h>
configure:3511: checking for grep that handles long lines and -e
configure:3569: result: /bin/grep
configure:3574: checking for egrep
configure:3636: result: /bin/grep -E
configure:3641: checking for ANSI C header files
configure:3661: gcc -c -g -O2  conftest.c >&5
configure:3661: $? = 0
configure:3734: gcc -o conftest -g -O2   conftest.c  >&5
configure:3734: $? = 0
configure:3734: ./conftest
configure:3734: $? = 0
configure:3745: result: yes
configure:3758: checking for sys/types.h
configure:3758: gcc -c -g -O2  conftest.c >&5
configure:3758: $? = 0
configure:3758: result: yes
configure:3758: checking for sys/stat.h
configure:3758: gcc -c -g -O2  conftest.c >&5
configure:3758: $? = 0
configure:3758: result: yes
configure:3758: checking for stdlib.h
configure:3758: gcc -c -g -O2  conftest.c >&5
configure:3758: $? = 0
configure:3758: result: yes
configure:3758: checking for string.h
configure:3758: gcc -c -g -O2  conftest.c >&5
configure:3758: $? = 0
configure:3758: result: yes
configure:3758: checking for memory.h
configure:3758: gcc -c -g -O2  conftest.c >&5
configure:3758: $? = 0
configure:3758: result: yes
configure:3758: checking for strings.h
configure:3758: gcc -c -g -O2  conftest.c >&5
configure:3758: $? = 0
configure:3758: result: yes
configure:3758: checking for inttypes.h
configure:3758: gcc -c -g -O2  conftest.c >&5
configure:3758: $? = 0
configure:3758: result: yes
configure:3758: checking for stdint.h
configure:3758: gcc -c -g -O2  conftest.c >&5
configure:3758: $? = 0
configure:3758: result: yes
configure:3758: checking for unistd.h
configure:3758: gcc -c -g -O2  conftest.c >&5
configure:3758: $? = 0
configure:3758: result: yes
configure:3773: checking for string.h
configure:3773: result: yes
configure:3793: checking for main in -lXbsd
configure:3812: gcc -o conftest -g -O2   conftest.c -lXbsd   >&5
/usr/bin/ld: cannot find -lXbsd
collect2: ld returned 1 exit status
configure:3812: $? = 1
configure: failed program was:
| /* confdefs.h */
| #define PACKAGE_NAME ""
| #define PACKAGE_TARNAME ""
| #define PACKAGE_VERSION ""
| #define PACKAGE_STRING ""
| #define PACKAGE_BUGREPORT ""
| #define PACKAGE_URL ""
| #define STDC_HEADERS 1
| #define HAVE_SYS_TYPES_H 1
| #define HAVE_SYS_STAT_H 1
| #define HAVE_STDLIB_H 1
| #define HAVE_STRING_H 1
| #define HAVE_MEMORY_H 1
| #define HAVE_STRINGS_H 1
| #define HAVE_INTTYPES_H 1
| #define HAVE_STDINT_H 1
| #define HAVE_UNISTD_H 1
| #define HAVE_STRING_H 1
| /* end confdefs.h.  */
| 
| 
| int
| main ()
| {
| return main ();
|   ;
|   return 0;
| }
configure:3821: result: no
configure:3827: checking for socket in -lsocket
configure:3852: gcc -o conftest -g -O2   conftest.c -lsocket   >&5
/usr/bin/ld: cannot find -lsocket
collect2: ld returned 1 exit status
configure:3852: $? = 1
configure: failed program was:
| /* confdefs.h */
| #define PACKAGE_NAME ""
| #define PACKAGE_TARNAME ""
| #define PACKAGE_VERSION ""
| #define PACKAGE_STRING ""
| #define PACKAGE_BUGREPORT ""
| #define PACKAGE_URL ""
| #define STDC_HEADERS 1
| #define HAVE_SYS_TYPES_H 1
| #define HAVE_SYS_STAT_H 1
| #define HAVE_STDLIB_H 1
| #define HAVE_STRING_H 1
| #define HAVE_MEMORY_H 1
| #define HAVE_STRINGS_H 1
| #define HAVE_INTTYPES_H 1
| #define HAVE_STDINT_H 1
| #define HAVE_UNISTD_H 1
| #define HAVE_STRING_H 1
| /* end confdefs.h.  */
| 
| /* Override any GCC internal prototype to avoid an error.
|    Use char because int might match the return type of a GCC
|    builtin and then its argument prototype would still apply.  */
| #ifdef __cplusplus
| extern "C"
| #endif
| char socket ();
| int
| main ()
| {
| return socket ();
|   ;
|   return 0;
| }
configure:3861: result: no
configure:3867: checking for gethostbyname in -lnsl
configure:3892: gcc -o conftest -g -O2   conftest.c -lnsl   >&5
configure:3892: $? = 0
configure:3901: result: yes
configure:3907: checking for dcgettext in -lintl
configure:3932: gcc -o conftest -g -O2   conftest.c -lintl   >&5
conftest.c:27: warning: conflicting types for built-in function 'dcgettext'
/usr/bin/ld: cannot find -lintl
collect2: ld returned 1 exit status
configure:3932: $? = 1
configure: failed program was:
| /* confdefs.h */
| #define PACKAGE_NAME ""
| #define PACKAGE_TARNAME ""
| #define PACKAGE_VERSION ""
| #define PACKAGE_STRING ""
| #define PACKAGE_BUGREPORT ""
| #define PACKAGE_URL ""
| #define STDC_HEADERS 1
| #define HAVE_SYS_TYPES_H 1
| #define HAVE_SYS_STAT_H 1
| #define HAVE_STDLIB_H 1
| #define HAVE_STRING_H 1
| #define HAVE_MEMORY_H 1
| #define HAVE_STRINGS_H 1
| #define HAVE_INTTYPES_H 1
| #define HAVE_STDINT_H 1
| #define HAVE_UNISTD_H 1
| #define HAVE_STRING_H 1
| /* end confdefs.h.  */
| 
| /* Override any GCC internal prototype to avoid an error.
|    Use char because int might match the return type of a GCC
|    builtin and then its argument prototype would still apply.  */
| #ifdef __cplusplus
| extern "C"
| #endif
| char dcgettext ();
| int
| main ()
| {
| return dcgettext ();
|   ;
|   return 0;
| }
configure:3941: result: no
configure:3947: checking for getnodebyname in -ldnet_stub
configure:3972: gcc -o conftest -g -O2   conftest.c -ldnet_stub   >&5
/usr/bin/ld: cannot find -ldnet_stub
collect2: ld returned 1 exit status
configure:3972: $? = 1
configure: failed program was:
| /* confdefs.h */
| #define PACKAGE_NAME ""
| #define PACKAGE_TARNAME ""
| #define PACKAGE_VERSION ""
| #define PACKAGE_STRING ""
| #define PACKAGE_BUGREPORT ""
| #define PACKAGE_URL ""
| #define STDC_HEADERS 1
| #define HAVE_SYS_TYPES_H 1
| #define HAVE_SYS_STAT_H 1
| #define HAVE_STDLIB_H 1
| #define HAVE_STRING_H 1
| #define HAVE_MEMORY_H 1
| #define HAVE_STRINGS_H 1
| #define HAVE_INTTYPES_H 1
| #define HAVE_STDINT_H 1
| #define HAVE_UNISTD_H 1
| #define HAVE_STRING_H 1
| /* end confdefs.h.  */
| 
| /* Override any GCC internal prototype to avoid an error.
|    Use char because int might match the return type of a GCC
|    builtin and then its argument prototype would still apply.  */
| #ifdef __cplusplus
| extern "C"
| #endif
| char getnodebyname ();
| int
| main ()
| {
| return getnodebyname ();
|   ;
|   return 0;
| }
configure:3981: result: no
configure:4027: checking that g++ can handle -O2
configure:4048: gcc -c -g -O2  conftest.c >&5
conftest.c: In function 'main':
conftest.c:26: error: 'error' undeclared (first use in this function)
conftest.c:26: error: (Each undeclared identifier is reported only once
conftest.c:26: error: for each function it appears in.)
conftest.c:30: error: expected ';' before 'int'
configure:4048: $? = 1
configure: failed program was:
| /* confdefs.h */
| #define PACKAGE_NAME ""
| #define PACKAGE_TARNAME ""
| #define PACKAGE_VERSION ""
| #define PACKAGE_STRING ""
| #define PACKAGE_BUGREPORT ""
| #define PACKAGE_URL ""
| #define STDC_HEADERS 1
| #define HAVE_SYS_TYPES_H 1
| #define HAVE_SYS_STAT_H 1
| #define HAVE_STDLIB_H 1
| #define HAVE_STRING_H 1
| #define HAVE_MEMORY_H 1
| #define HAVE_STRINGS_H 1
| #define HAVE_INTTYPES_H 1
| #define HAVE_STDINT_H 1
| #define HAVE_UNISTD_H 1
| #define HAVE_STRING_H 1
| /* end confdefs.h.  */
| 
| int
| main ()
| {
| #if __GNUC__ < 2  || __GNUC_MINOR__ < 8
| 		/* gcc */
| 		error
| 		#endif
| 		#if __GNUC_MINOR__ < 92
| 		/* egcs */
| 		int error;
| 		#endif
| 
|   ;
|   return 0;
| }
configure:4054: result: no
configure:4126: checking standard STL is available
configure:4152: g++ -c -g -O2  conftest.cpp >&5
In file included from /usr/include/c++/4.4/backward/hash_map:60,
                 from conftest.cpp:21:
/usr/include/c++/4.4/backward/backward_warning.h:28:2: warning: #warning This file includes at least one deprecated or antiquated header which may be removed without further notice at a future date. Please use a non-deprecated interface with equivalent functionality instead. For a listing of replacement headers and interfaces, consult the file backward_warning.h. To disable this warning use -Wno-deprecated.
conftest.cpp:22: error: expected template-name before '<' token
conftest.cpp:22: error: expected '{' before '<' token
conftest.cpp:22: error: expected unqualified-id before '<' token
configure:4152: $? = 1
configure: failed program was:
| /* confdefs.h */
| #define PACKAGE_NAME ""
| #define PACKAGE_TARNAME ""
| #define PACKAGE_VERSION ""
| #define PACKAGE_STRING ""
| #define PACKAGE_BUGREPORT ""
| #define PACKAGE_URL ""
| #define STDC_HEADERS 1
| #define HAVE_SYS_TYPES_H 1
| #define HAVE_SYS_STAT_H 1
| #define HAVE_STDLIB_H 1
| #define HAVE_STRING_H 1
| #define HAVE_MEMORY_H 1
| #define HAVE_STRINGS_H 1
| #define HAVE_INTTYPES_H 1
| #define HAVE_STDINT_H 1
| #define HAVE_UNISTD_H 1
| #define HAVE_STRING_H 1
| /* end confdefs.h.  */
| #include <list>
| 	#include <hash_map>
| 	template <class _T> class tlist : public list <_T> {};
| 
| int
| main ()
| {
| return 0;
| 
|   ;
|   return 0;
| }
configure:4157: result: no
configure:4415: checking for tcl.h
configure:4461: result: -I../include
configure:4467: checking for tclInt.h
configure:4513: result: -I../include
configure:4519: checking for libtcl8.4
configure:4581: result: -L../lib -ltcl8.4
configure:4587: checking for init.tcl
configure:4624: result: ../lib/tcl8.4
configure:4641: checking for http.tcl
configure:4678: result: ../lib/tcl8.4/http1.0
configure:4683: checking Tcl http.tcl library
configure:4687: result: yes
configure:4708: checking for tclsh8.4.18
configure:4741: result: no
configure:4708: checking for tclsh8.4
configure:4726: found ../bin/tclsh8.4
configure:4738: result: ../bin/tclsh8.4
configure:4968: checking for tk.h
configure:5014: result: -I../include
configure:5020: checking for libtk8.4
configure:5082: result: -L../lib -ltk8.4
configure:5088: checking for tk.tcl
configure:5125: result: ../lib/tk8.4
configure:5205: gcc -E  conftest.c
configure:5205: $? = 0
configure:5231: checking for XOpenDisplay in -lX11
configure:5256: gcc -o conftest -g -O2   conftest.c -lX11   >&5
configure:5256: $? = 0
configure:5265: result: yes
configure:5291: checking for XShmAttach in -lXext
configure:5316: gcc -o conftest -g -O2   conftest.c -lXext -lX11  >&5
configure:5316: $? = 0
configure:5325: result: yes
configure:5402: checking for ranlib
configure:5418: found /usr/bin/ranlib
configure:5429: result: ranlib
configure:5465: checking for a BSD-compatible install
configure:5533: result: /usr/bin/install -c
configure:5549: checking system version (for dynamic loading)
configure:5563: result: Linux-2.6.32-30-generic
configure:5776: checking for dlopen in -ldl
configure:5801: gcc -o conftest -g -O2   conftest.c -ldl   >&5
configure:5801: $? = 0
configure:5810: result: yes
configure:6105: creating ./config.status

## ---------------------- ##
## Running config.status. ##
## ---------------------- ##

This file was extended by config.status, which was
generated by GNU Autoconf 2.65.  Invocation command line was

  CONFIG_FILES    = 
  CONFIG_HEADERS  = 
  CONFIG_LINKS    = 
  CONFIG_COMMANDS = 
  $ ./config.status 

on amir-laptop

config.status:785: creating Makefile

## ---------------- ##
## Cache variables. ##
## ---------------- ##

ac_cv_build=i686-pc-linux-gnu
ac_cv_c_compiler_gnu=yes
ac_cv_cxx_compiler_gnu=yes
ac_cv_env_CCC_set=
ac_cv_env_CCC_value=
ac_cv_env_CC_set=
ac_cv_env_CC_value=
ac_cv_env_CFLAGS_set=
ac_cv_env_CFLAGS_value=
ac_cv_env_CPPFLAGS_set=
ac_cv_env_CPPFLAGS_value=
ac_cv_env_CPP_set=
ac_cv_env_CPP_value=
ac_cv_env_CXXFLAGS_set=
ac_cv_env_CXXFLAGS_value=
ac_cv_env_CXX_set=
ac_cv_env_CXX_value=
ac_cv_env_LDFLAGS_set=
ac_cv_env_LDFLAGS_value=
ac_cv_env_LIBS_set=
ac_cv_env_LIBS_value=
ac_cv_env_build_alias_set=
ac_cv_env_build_alias_value=
ac_cv_env_host_alias_set=
ac_cv_env_host_alias_value=
ac_cv_env_target_alias_set=
ac_cv_env_target_alias_value=
ac_cv_header_inttypes_h=yes
ac_cv_header_memory_h=yes
ac_cv_header_stdc=yes
ac_cv_header_stdint_h=yes
ac_cv_header_stdlib_h=yes
ac_cv_header_string_h=yes
ac_cv_header_strings_h=yes
ac_cv_header_sys_stat_h=yes
ac_cv_header_sys_types_h=yes
ac_cv_header_unistd_h=yes
ac_cv_host=i686-pc-linux-gnu
ac_cv_lib_X11_XOpenDisplay=yes
ac_cv_lib_Xbsd_main=no
ac_cv_lib_Xext_XShmAttach=yes
ac_cv_lib_dl_dlopen=yes
ac_cv_lib_dnet_stub_getnodebyname=no
ac_cv_lib_intl_dcgettext=no
ac_cv_lib_nsl_gethostbyname=yes
ac_cv_lib_socket_socket=no
ac_cv_objext=o
ac_cv_path_EGREP='/bin/grep -E'
ac_cv_path_GREP=/bin/grep
ac_cv_path_V_TCLSH=../bin/tclsh8.4
ac_cv_path_install='/usr/bin/install -c'
ac_cv_prog_CPP='gcc -E'
ac_cv_prog_ac_ct_CC=gcc
ac_cv_prog_ac_ct_CXX=g++
ac_cv_prog_ac_ct_RANLIB=ranlib
ac_cv_prog_cc_c89=
ac_cv_prog_cc_g=yes
ac_cv_prog_cxx_g=yes
ac_cv_target=i686-pc-linux-gnu

## ----------------- ##
## Output variables. ##
## ----------------- ##

CC='gcc'
CFLAGS='-g -O2'
CPP='gcc -E'
CPPFLAGS=''
CXX='g++'
CXXFLAGS='-g -O2'
DEFS='-DPACKAGE_NAME=\"\" -DPACKAGE_TARNAME=\"\" -DPACKAGE_VERSION=\"\" -DPACKAGE_STRING=\"\" -DPACKAGE_BUGREPORT=\"\" -DPACKAGE_URL=\"\" -DSTDC_HEADERS=1 -DHAVE_SYS_TYPES_H=1 -DHAVE_SYS_STAT_H=1 -DHAVE_STDLIB_H=1 -DHAVE_STRING_H=1 -DHAVE_MEMORY_H=1 -DHAVE_STRINGS_H=1 -DHAVE_INTTYPES_H=1 -DHAVE_STDINT_H=1 -DHAVE_UNISTD_H=1 -DHAVE_STRING_H=1 -DHAVE_TCL_H=1 -DHAVE_TCLINT_H=1 -DHAVE_LIBTCL8_4=1 -DHAVE_TK_H=1 -DHAVE_LIBTK8_4=1'
DL_LIBS='-ldl'
ECHO_C=''
ECHO_N='-n'
ECHO_T=''
EGREP='/bin/grep -E'
EXEEXT=''
GREP='/bin/grep'
INSTALL_DATA='${INSTALL} -m 644'
INSTALL_PROGRAM='${INSTALL}'
INSTALL_SCRIPT='${INSTALL}'
INST_OLIBSH='NONE/lib'
LDFLAGS=''
LIBOBJS=''
LIBS=''
LTLIBOBJS=''
OBJEXT='o'
PACKAGE_BUGREPORT=''
PACKAGE_NAME=''
PACKAGE_STRING=''
PACKAGE_TARNAME=''
PACKAGE_URL=''
PACKAGE_VERSION=''
PATH_SEPARATOR=':'
RANLIB='ranlib'
SHELL='/bin/bash'
SHLD_FLAGS=''
SHLIB_CFLAGS='-fpic'
SHLIB_LD='gcc -shared'
SHLIB_SUFFIX='.so'
V_ALL='otclsh'
V_AR='ar cr'
V_BROKEN_OBJ='strtol.o strtoul.o'
V_CCOPT=''
V_DEFINE=' -DNDEBUG -DUSE_SHM'
V_DEFINES='-DHAVE_LIBTK8_4 -DHAVE_TK_H -DHAVE_LIBTCL8_4 -DHAVE_TCLINT_H -DHAVE_TCL_H '
V_INCLUDE=''
V_INCLUDES='-I/home/amir/ns-allinone-2.34/include -I/home/amir/ns-allinone-2.34/include -I/home/amir/ns-allinone-2.34/include'
V_INCLUDE_X11=''
V_LIB=' -lnsl -ldl'
V_LIBRARY_TCL='../lib/tcl8.4'
V_LIBRARY_TK='../lib/tk8.4'
V_LIBS='-L/home/amir/ns-allinone-2.34/lib -ltk8.4 -L/home/amir/ns-allinone-2.34/lib -ltcl8.4'
V_LIB_OTCL=''
V_LIB_TCL='-L/home/amir/ns-allinone-2.34/lib -ltcl8.4'
V_LIB_TCLCL=''
V_LIB_TK='-L/home/amir/ns-allinone-2.34/lib -ltk8.4'
V_LIB_X11='-lXext -lX11'
V_LSSCRIPT=''
V_NS_TCL_LIB_STL=''
V_OBJ=''
V_OBJ_CRYPT=''
V_RANLIB='ranlib'
V_SHELL=''
V_SIGRET='void'
V_STATIC=''
V_STLOBJ=''
V_TARCMD='tar cfh'
V_TAR_EXTRA=''
V_TAR_TARGET='linux-gnu'
V_TCLSH='/home/amir/ns-allinone-2.34/bin/tclsh8.4'
V_TCL_LIBRARY_FILES='$(TCL_BASE_LIBRARY_FILES) ../lib/tcl8.4/http1.0/http.tcl'
V_TKDOSNAMES='$(LIBRARY_TK)/optMenu.tcl $(LIBRARY_TK)/scrlbar.tcl'
ac_ct_CC='gcc'
ac_ct_CXX='g++'
bindir='${exec_prefix}/bin'
build='i686-pc-linux-gnu'
build_alias=''
build_cpu='i686'
build_os='linux-gnu'
build_vendor='pc'
datadir='${datarootdir}'
datarootdir='${prefix}/share'
docdir='${datarootdir}/doc/${PACKAGE}'
dvidir='${docdir}'
exec_prefix='${prefix}'
host='i686-pc-linux-gnu'
host_alias=''
host_cpu='i686'
host_os='linux-gnu'
host_vendor='pc'
htmldir='${docdir}'
includedir='${prefix}/include'
infodir='${datarootdir}/info'
libdir='${exec_prefix}/lib'
libexecdir='${exec_prefix}/libexec'
localedir='${datarootdir}/locale'
localstatedir='${prefix}/var'
mandir='${datarootdir}/man'
oldincludedir='/usr/include'
pdfdir='${docdir}'
prefix='/usr/local'
program_transform_name='s,x,x,'
psdir='${docdir}'
sbindir='${exec_prefix}/sbin'
sharedstatedir='${prefix}/com'
sysconfdir='${prefix}/etc'
target='i686-pc-linux-gnu'
target_alias=''
target_cpu='i686'
target_os='linux-gnu'
target_vendor='pc'

## ----------- ##
## confdefs.h. ##
## ----------- ##

/* confdefs.h */
#define PACKAGE_NAME ""
#define PACKAGE_TARNAME ""
#define PACKAGE_VERSION ""
#define PACKAGE_STRING ""
#define PACKAGE_BUGREPORT ""
#define PACKAGE_URL ""
#define STDC_HEADERS 1
#define HAVE_SYS_TYPES_H 1
#define HAVE_SYS_STAT_H 1
#define HAVE_STDLIB_H 1
#define HAVE_STRING_H 1
#define HAVE_MEMORY_H 1
#define HAVE_STRINGS_H 1
#define HAVE_INTTYPES_H 1
#define HAVE_STDINT_H 1
#define HAVE_UNISTD_H 1
#define HAVE_STRING_H 1
#define HAVE_TCL_H 1
#define HAVE_TCLINT_H 1
#define HAVE_LIBTCL8_4 1
#define HAVE_TK_H 1
#define HAVE_LIBTK8_4 1

configure: exit 0
