This file contains any messages produced by compilers while
running configure, to aid debugging if configure makes a mistake.

It was created by configure, which was
generated by GNU Autoconf 2.65.  Invocation command line was

  $ ./configure --enable-gcc --disable-shared --prefix=/home/amir/ns-allinone-2.34

## --------- ##
## Platform. ##
## --------- ##

hostname = amir-laptop
uname -m = i686
uname -r = 2.6.32-30-generic
uname -s = Linux
uname -v = #59-Ubuntu SMP Tue Mar 1 21:30:21 UTC 2011

/usr/bin/uname -p = unknown
/bin/uname -X     = unknown

/bin/arch              = unknown
/usr/bin/arch -k       = unknown
/usr/convex/getsysinfo = unknown
/usr/bin/hostinfo      = unknown
/bin/machine           = unknown
/usr/bin/oslevel       = unknown
/bin/universe          = unknown

PATH: /home/amir/ns-allinone-2.34/bin
PATH: /home/amir/bin
PATH: /usr/local/sbin
PATH: /usr/local/bin
PATH: /usr/sbin
PATH: /usr/bin
PATH: /sbin
PATH: /bin
PATH: /usr/games
PATH: /usr/local/texlive/2010/bin/i386-linux
PATH: /home/amir/serna/bin/
PATH: /home/amir/
PATH: /home/amir/eclipse
PATH: /home/amir/ns-allinone-3.9/
PATH: /home/amir/android-sdk-linux_x86
PATH: /home/amir/android-sdk-linux_x86/tools
PATH: /usr/local/texlive/2010/bin/i386-linux
PATH: /home/amir/serna/bin/
PATH: /home/amir/
PATH: /home/amir/eclipse
PATH: /home/amir/ns-allinone-3.9/
PATH: /home/amir/android-sdk-linux_x86
PATH: /home/amir/android-sdk-linux_x86/tools
PATH: /home/amir/ns-allinone-2.34/bin
PATH: /home/amir/ns-allinone-2.34/tcl8.4.18/unix
PATH: /home/amir/ns-allinone-2.34/tk8.4.18/unix
PATH: /home/amir/ns-allinone-2.34/
PATH: /home/amir/ns-allinone-2.34/nam-1.14/


## ----------- ##
## Core tests. ##
## ----------- ##

configure:2336: checking whether to use symlinks for manpages
configure:2345: result: no
configure:2348: checking whether to compress the manpages
configure:2361: result: no
configure:2375: checking whether to add a package name suffix for the manpages
configure:2388: result: no
configure:2452: checking for gcc
configure:2468: found /usr/bin/gcc
configure:2479: result: gcc
configure:2708: checking for C compiler version
configure:2717: gcc --version >&5
gcc (Ubuntu 4.4.3-4ubuntu5) 4.4.3
Copyright (C) 2009 Free Software Foundation, Inc.
This is free software; see the source for copying conditions.  There is NO
warranty; not even for MERCHANTABILITY or FITNESS FOR A PARTICULAR PURPOSE.

configure:2728: $? = 0
configure:2717: gcc -v >&5
Using built-in specs.
Target: i486-linux-gnu
Configured with: ../src/configure -v --with-pkgversion='Ubuntu 4.4.3-4ubuntu5' --with-bugurl=file:///usr/share/doc/gcc-4.4/README.Bugs --enable-languages=c,c++,fortran,objc,obj-c++ --prefix=/usr --enable-shared --enable-multiarch --enable-linker-build-id --with-system-zlib --libexecdir=/usr/lib --without-included-gettext --enable-threads=posix --with-gxx-include-dir=/usr/include/c++/4.4 --program-suffix=-4.4 --enable-nls --enable-clocale=gnu --enable-libstdcxx-debug --enable-plugin --enable-objc-gc --enable-targets=all --disable-werror --with-arch-32=i486 --with-tune=generic --enable-checking=release --build=i486-linux-gnu --host=i486-linux-gnu --target=i486-linux-gnu
Thread model: posix
gcc version 4.4.3 (Ubuntu 4.4.3-4ubuntu5) 
configure:2728: $? = 0
configure:2717: gcc -V >&5
gcc: '-V' option must have argument
configure:2728: $? = 1
configure:2717: gcc -qversion >&5
gcc: unrecognized option '-qversion'
gcc: no input files
configure:2728: $? = 1
configure:2748: checking whether the C compiler works
configure:2770: gcc    conftest.c  >&5
configure:2774: $? = 0
configure:2823: result: yes
configure:2826: checking for C compiler default output file name
configure:2828: result: a.out
configure:2834: checking for suffix of executables
configure:2841: gcc -o conftest    conftest.c  >&5
configure:2845: $? = 0
configure:2867: result: 
configure:2889: checking whether we are cross compiling
configure:2897: gcc -o conftest    conftest.c  >&5
configure:2901: $? = 0
configure:2908: ./conftest
configure:2912: $? = 0
configure:2927: result: no
configure:2932: checking for suffix of object files
configure:2954: gcc -c   conftest.c >&5
configure:2958: $? = 0
configure:2979: result: o
configure:2983: checking whether we are using the GNU C compiler
configure:3002: gcc -c   conftest.c >&5
configure:3002: $? = 0
configure:3011: result: yes
configure:3020: checking whether gcc accepts -g
configure:3040: gcc -c -g  conftest.c >&5
configure:3040: $? = 0
configure:3081: result: yes
configure:3098: checking for gcc option to accept ISO C89
configure:3162: gcc  -c   conftest.c >&5
configure:3162: $? = 0
configure:3175: result: none needed
configure:3211: checking how to run the C preprocessor
configure:3242: gcc -E  conftest.c
configure:3242: $? = 0
configure:3256: gcc -E  conftest.c
conftest.c:9:28: error: ac_nonexistent.h: No such file or directory
configure:3256: $? = 1
configure: failed program was:
| /* confdefs.h */
| #define PACKAGE_NAME ""
| #define PACKAGE_TARNAME ""
| #define PACKAGE_VERSION ""
| #define PACKAGE_STRING ""
| #define PACKAGE_BUGREPORT ""
| #define PACKAGE_URL ""
| /* end confdefs.h.  */
| #include <ac_nonexistent.h>
configure:3281: result: gcc -E
configure:3301: gcc -E  conftest.c
configure:3301: $? = 0
configure:3315: gcc -E  conftest.c
conftest.c:9:28: error: ac_nonexistent.h: No such file or directory
configure:3315: $? = 1
configure: failed program was:
| /* confdefs.h */
| #define PACKAGE_NAME ""
| #define PACKAGE_TARNAME ""
| #define PACKAGE_VERSION ""
| #define PACKAGE_STRING ""
| #define PACKAGE_BUGREPORT ""
| #define PACKAGE_URL ""
| /* end confdefs.h.  */
| #include <ac_nonexistent.h>
configure:3344: checking for grep that handles long lines and -e
configure:3402: result: /bin/grep
configure:3407: checking for egrep
configure:3469: result: /bin/grep -E
configure:3474: checking for ANSI C header files
configure:3494: gcc -c   conftest.c >&5
configure:3494: $? = 0
configure:3567: gcc -o conftest    conftest.c  >&5
configure:3567: $? = 0
configure:3567: ./conftest
configure:3567: $? = 0
configure:3578: result: yes
configure:3591: checking for sys/types.h
configure:3591: gcc -c   conftest.c >&5
configure:3591: $? = 0
configure:3591: result: yes
configure:3591: checking for sys/stat.h
configure:3591: gcc -c   conftest.c >&5
configure:3591: $? = 0
configure:3591: result: yes
configure:3591: checking for stdlib.h
configure:3591: gcc -c   conftest.c >&5
configure:3591: $? = 0
configure:3591: result: yes
configure:3591: checking for string.h
configure:3591: gcc -c   conftest.c >&5
configure:3591: $? = 0
configure:3591: result: yes
configure:3591: checking for memory.h
configure:3591: gcc -c   conftest.c >&5
configure:3591: $? = 0
configure:3591: result: yes
configure:3591: checking for strings.h
configure:3591: gcc -c   conftest.c >&5
configure:3591: $? = 0
configure:3591: result: yes
configure:3591: checking for inttypes.h
configure:3591: gcc -c   conftest.c >&5
configure:3591: $? = 0
configure:3591: result: yes
configure:3591: checking for stdint.h
configure:3591: gcc -c   conftest.c >&5
configure:3591: $? = 0
configure:3591: result: yes
configure:3591: checking for unistd.h
configure:3591: gcc -c   conftest.c >&5
configure:3591: $? = 0
configure:3591: result: yes
configure:3605: checking dirent.h
configure:3641: gcc -o conftest    conftest.c  >&5
configure:3641: $? = 0
configure:3649: result: yes
configure:3657: checking errno.h usability
configure:3657: gcc -c   conftest.c >&5
configure:3657: $? = 0
configure:3657: result: yes
configure:3657: checking errno.h presence
configure:3657: gcc -E  conftest.c
configure:3657: $? = 0
configure:3657: result: yes
configure:3657: checking for errno.h
configure:3657: result: yes
configure:3666: checking float.h usability
configure:3666: gcc -c   conftest.c >&5
configure:3666: $? = 0
configure:3666: result: yes
configure:3666: checking float.h presence
configure:3666: gcc -E  conftest.c
configure:3666: $? = 0
configure:3666: result: yes
configure:3666: checking for float.h
configure:3666: result: yes
configure:3675: checking values.h usability
configure:3675: gcc -c   conftest.c >&5
configure:3675: $? = 0
configure:3675: result: yes
configure:3675: checking values.h presence
configure:3675: gcc -E  conftest.c
configure:3675: $? = 0
configure:3675: result: yes
configure:3675: checking for values.h
configure:3675: result: yes
configure:3684: checking limits.h usability
configure:3684: gcc -c   conftest.c >&5
configure:3684: $? = 0
configure:3684: result: yes
configure:3684: checking limits.h presence
configure:3684: gcc -E  conftest.c
configure:3684: $? = 0
configure:3684: result: yes
configure:3684: checking for limits.h
configure:3684: result: yes
configure:3694: checking for stdlib.h
configure:3694: result: yes
configure:3745: checking for string.h
configure:3745: result: yes
configure:3788: checking sys/wait.h usability
configure:3788: gcc -c   conftest.c >&5
configure:3788: $? = 0
configure:3788: result: yes
configure:3788: checking sys/wait.h presence
configure:3788: gcc -E  conftest.c
configure:3788: $? = 0
configure:3788: result: yes
configure:3788: checking for sys/wait.h
configure:3788: result: yes
configure:3797: checking dlfcn.h usability
configure:3797: gcc -c   conftest.c >&5
configure:3797: $? = 0
configure:3797: result: yes
configure:3797: checking dlfcn.h presence
configure:3797: gcc -E  conftest.c
configure:3797: $? = 0
configure:3797: result: yes
configure:3797: checking for dlfcn.h
configure:3797: result: yes
configure:3811: checking for unistd.h
configure:3811: result: yes
configure:3811: checking sys/param.h usability
configure:3811: gcc -c   conftest.c >&5
configure:3811: $? = 0
configure:3811: result: yes
configure:3811: checking sys/param.h presence
configure:3811: gcc -E  conftest.c
configure:3811: $? = 0
configure:3811: result: yes
configure:3811: checking for sys/param.h
configure:3811: result: yes
configure:3830: checking if the compiler understands -pipe
configure:3848: gcc -c  -pipe  conftest.c >&5
configure:3848: $? = 0
configure:3856: result: yes
configure:4165: checking for building with threads
configure:4179: result: no (default)
configure:4198: checking for sin
configure:4198: gcc -o conftest  -pipe   conftest.c  >&5
conftest.c:45: warning: conflicting types for built-in function 'sin'
/tmp/ccPU3Ekw.o: In function `main':
conftest.c:(.text+0x7): undefined reference to `sin'
collect2: ld returned 1 exit status
configure:4198: $? = 1
configure: failed program was:
| /* confdefs.h */
| #define PACKAGE_NAME ""
| #define PACKAGE_TARNAME ""
| #define PACKAGE_VERSION ""
| #define PACKAGE_STRING ""
| #define PACKAGE_BUGREPORT ""
| #define PACKAGE_URL ""
| #define STDC_HEADERS 1
| #define HAVE_SYS_TYPES_H 1
| #define HAVE_SYS_STAT_H 1
| #define HAVE_STDLIB_H 1
| #define HAVE_STRING_H 1
| #define HAVE_MEMORY_H 1
| #define HAVE_STRINGS_H 1
| #define HAVE_INTTYPES_H 1
| #define HAVE_STDINT_H 1
| #define HAVE_UNISTD_H 1
| #define HAVE_LIMITS_H 1
| #define HAVE_UNISTD_H 1
| #define HAVE_SYS_PARAM_H 1
| /* end confdefs.h.  */
| /* Define sin to an innocuous variant, in case <limits.h> declares sin.
|    For example, HP-UX 11i <limits.h> declares gettimeofday.  */
| #define sin innocuous_sin
| 
| /* System header to define __stub macros and hopefully few prototypes,
|     which can conflict with char sin (); below.
|     Prefer <limits.h> to <assert.h> if __STDC__ is defined, since
|     <limits.h> exists even on freestanding compilers.  */
| 
| #ifdef __STDC__
| # include <limits.h>
| #else
| # include <assert.h>
| #endif
| 
| #undef sin
| 
| /* Override any GCC internal prototype to avoid an error.
|    Use char because int might match the return type of a GCC
|    builtin and then its argument prototype would still apply.  */
| #ifdef __cplusplus
| extern "C"
| #endif
| char sin ();
| /* The GNU C library defines this for functions which it implements
|     to always fail with ENOSYS.  Some functions are actually named
|     something starting with __ and the normal name is an alias.  */
| #if defined __stub_sin || defined __stub___sin
| choke me
| #endif
| 
| int
| main ()
| {
| return sin ();
|   ;
|   return 0;
| }
configure:4198: result: no
configure:4205: checking for main in -lieee
configure:4224: gcc -o conftest  -pipe   conftest.c -lieee   >&5
configure:4224: $? = 0
configure:4233: result: yes
configure:4245: checking for main in -linet
configure:4264: gcc -o conftest  -pipe   conftest.c -linet   >&5
/usr/bin/ld: cannot find -linet
collect2: ld returned 1 exit status
configure:4264: $? = 1
configure: failed program was:
| /* confdefs.h */
| #define PACKAGE_NAME ""
| #define PACKAGE_TARNAME ""
| #define PACKAGE_VERSION ""
| #define PACKAGE_STRING ""
| #define PACKAGE_BUGREPORT ""
| #define PACKAGE_URL ""
| #define STDC_HEADERS 1
| #define HAVE_SYS_TYPES_H 1
| #define HAVE_SYS_STAT_H 1
| #define HAVE_STDLIB_H 1
| #define HAVE_STRING_H 1
| #define HAVE_MEMORY_H 1
| #define HAVE_STRINGS_H 1
| #define HAVE_INTTYPES_H 1
| #define HAVE_STDINT_H 1
| #define HAVE_UNISTD_H 1
| #define HAVE_LIMITS_H 1
| #define HAVE_UNISTD_H 1
| #define HAVE_SYS_PARAM_H 1
| /* end confdefs.h.  */
| 
| 
| int
| main ()
| {
| return main ();
|   ;
|   return 0;
| }
configure:4273: result: no
configure:4279: checking net/errno.h usability
configure:4279: gcc -c  -pipe  conftest.c >&5
conftest.c:55:23: error: net/errno.h: No such file or directory
configure:4279: $? = 1
configure: failed program was:
| /* confdefs.h */
| #define PACKAGE_NAME ""
| #define PACKAGE_TARNAME ""
| #define PACKAGE_VERSION ""
| #define PACKAGE_STRING ""
| #define PACKAGE_BUGREPORT ""
| #define PACKAGE_URL ""
| #define STDC_HEADERS 1
| #define HAVE_SYS_TYPES_H 1
| #define HAVE_SYS_STAT_H 1
| #define HAVE_STDLIB_H 1
| #define HAVE_STRING_H 1
| #define HAVE_MEMORY_H 1
| #define HAVE_STRINGS_H 1
| #define HAVE_INTTYPES_H 1
| #define HAVE_STDINT_H 1
| #define HAVE_UNISTD_H 1
| #define HAVE_LIMITS_H 1
| #define HAVE_UNISTD_H 1
| #define HAVE_SYS_PARAM_H 1
| /* end confdefs.h.  */
| #include <stdio.h>
| #ifdef HAVE_SYS_TYPES_H
| # include <sys/types.h>
| #endif
| #ifdef HAVE_SYS_STAT_H
| # include <sys/stat.h>
| #endif
| #ifdef STDC_HEADERS
| # include <stdlib.h>
| # include <stddef.h>
| #else
| # ifdef HAVE_STDLIB_H
| #  include <stdlib.h>
| # endif
| #endif
| #ifdef HAVE_STRING_H
| # if !defined STDC_HEADERS && defined HAVE_MEMORY_H
| #  include <memory.h>
| # endif
| # include <string.h>
| #endif
| #ifdef HAVE_STRINGS_H
| # include <strings.h>
| #endif
| #ifdef HAVE_INTTYPES_H
| # include <inttypes.h>
| #endif
| #ifdef HAVE_STDINT_H
| # include <stdint.h>
| #endif
| #ifdef HAVE_UNISTD_H
| # include <unistd.h>
| #endif
| #include <net/errno.h>
configure:4279: result: no
configure:4279: checking net/errno.h presence
configure:4279: gcc -E  conftest.c
conftest.c:22:23: error: net/errno.h: No such file or directory
configure:4279: $? = 1
configure: failed program was:
| /* confdefs.h */
| #define PACKAGE_NAME ""
| #define PACKAGE_TARNAME ""
| #define PACKAGE_VERSION ""
| #define PACKAGE_STRING ""
| #define PACKAGE_BUGREPORT ""
| #define PACKAGE_URL ""
| #define STDC_HEADERS 1
| #define HAVE_SYS_TYPES_H 1
| #define HAVE_SYS_STAT_H 1
| #define HAVE_STDLIB_H 1
| #define HAVE_STRING_H 1
| #define HAVE_MEMORY_H 1
| #define HAVE_STRINGS_H 1
| #define HAVE_INTTYPES_H 1
| #define HAVE_STDINT_H 1
| #define HAVE_UNISTD_H 1
| #define HAVE_LIMITS_H 1
| #define HAVE_UNISTD_H 1
| #define HAVE_SYS_PARAM_H 1
| /* end confdefs.h.  */
| #include <net/errno.h>
configure:4279: result: no
configure:4279: checking for net/errno.h
configure:4279: result: no
configure:4306: checking for connect
configure:4306: gcc -o conftest  -pipe   conftest.c  >&5
configure:4306: $? = 0
configure:4306: result: yes
configure:4374: checking for gethostbyname
configure:4374: gcc -o conftest  -pipe   conftest.c  >&5
configure:4374: $? = 0
configure:4374: result: yes
configure:4433: checking how to build libraries
configure:4455: result: static
configure:4512: checking for ranlib
configure:4528: found /usr/bin/ranlib
configure:4539: result: ranlib
configure:4565: checking if 64bit support is requested
configure:4574: result: no
configure:4579: checking if 64bit Sparc VIS support is requested
configure:4588: result: no
configure:4600: checking system version
configure:4628: result: Linux-2.6.32-30-generic
configure:4636: checking for dlopen in -ldl
configure:4661: gcc -o conftest  -pipe   conftest.c -ldl   >&5
configure:4661: $? = 0
configure:4670: result: yes
configure:4704: checking for ar
configure:4720: found /usr/bin/ar
configure:4731: result: ar
configure:6478: checking for build with symbols
configure:6492: result: no
configure:6536: checking for required early compiler flags
configure:6554: gcc -c  -pipe  conftest.c >&5
configure:6554: $? = 0
configure:6600: gcc -c  -pipe  conftest.c >&5
conftest.c: In function 'main':
conftest.c:28: error: storage size of 'buf' isn't known
configure:6600: $? = 1
configure: failed program was:
| /* confdefs.h */
| #define PACKAGE_NAME ""
| #define PACKAGE_TARNAME ""
| #define PACKAGE_VERSION ""
| #define PACKAGE_STRING ""
| #define PACKAGE_BUGREPORT ""
| #define PACKAGE_URL ""
| #define STDC_HEADERS 1
| #define HAVE_SYS_TYPES_H 1
| #define HAVE_SYS_STAT_H 1
| #define HAVE_STDLIB_H 1
| #define HAVE_STRING_H 1
| #define HAVE_MEMORY_H 1
| #define HAVE_STRINGS_H 1
| #define HAVE_INTTYPES_H 1
| #define HAVE_STDINT_H 1
| #define HAVE_UNISTD_H 1
| #define HAVE_LIMITS_H 1
| #define HAVE_UNISTD_H 1
| #define HAVE_SYS_PARAM_H 1
| #define STATIC_BUILD 1
| #define PEEK_XCLOSEIM 1
| /* end confdefs.h.  */
| #include <sys/stat.h>
| int
| main ()
| {
| struct stat64 buf; int i = stat64("/", &buf);
|   ;
|   return 0;
| }
configure:6615: gcc -c  -pipe  conftest.c >&5
configure:6615: $? = 0
configure:6646: gcc -c  -pipe  conftest.c >&5
conftest.c: In function 'main':
conftest.c:29: error: 'open64' undeclared (first use in this function)
conftest.c:29: error: (Each undeclared identifier is reported only once
conftest.c:29: error: for each function it appears in.)
configure:6646: $? = 1
configure: failed program was:
| /* confdefs.h */
| #define PACKAGE_NAME ""
| #define PACKAGE_TARNAME ""
| #define PACKAGE_VERSION ""
| #define PACKAGE_STRING ""
| #define PACKAGE_BUGREPORT ""
| #define PACKAGE_URL ""
| #define STDC_HEADERS 1
| #define HAVE_SYS_TYPES_H 1
| #define HAVE_SYS_STAT_H 1
| #define HAVE_STDLIB_H 1
| #define HAVE_STRING_H 1
| #define HAVE_MEMORY_H 1
| #define HAVE_STRINGS_H 1
| #define HAVE_INTTYPES_H 1
| #define HAVE_STDINT_H 1
| #define HAVE_UNISTD_H 1
| #define HAVE_LIMITS_H 1
| #define HAVE_UNISTD_H 1
| #define HAVE_SYS_PARAM_H 1
| #define STATIC_BUILD 1
| #define PEEK_XCLOSEIM 1
| #define _LARGEFILE64_SOURCE 1
| /* end confdefs.h.  */
| #include <sys/stat.h>
| int
| main ()
| {
| char *p = (char *)open64;
|   ;
|   return 0;
| }
configure:6661: gcc -c  -pipe  conftest.c >&5
conftest.c: In function 'main':
conftest.c:30: error: 'open64' undeclared (first use in this function)
conftest.c:30: error: (Each undeclared identifier is reported only once
conftest.c:30: error: for each function it appears in.)
configure:6661: $? = 1
configure: failed program was:
| /* confdefs.h */
| #define PACKAGE_NAME ""
| #define PACKAGE_TARNAME ""
| #define PACKAGE_VERSION ""
| #define PACKAGE_STRING ""
| #define PACKAGE_BUGREPORT ""
| #define PACKAGE_URL ""
| #define STDC_HEADERS 1
| #define HAVE_SYS_TYPES_H 1
| #define HAVE_SYS_STAT_H 1
| #define HAVE_STDLIB_H 1
| #define HAVE_STRING_H 1
| #define HAVE_MEMORY_H 1
| #define HAVE_STRINGS_H 1
| #define HAVE_INTTYPES_H 1
| #define HAVE_STDINT_H 1
| #define HAVE_UNISTD_H 1
| #define HAVE_LIMITS_H 1
| #define HAVE_UNISTD_H 1
| #define HAVE_SYS_PARAM_H 1
| #define STATIC_BUILD 1
| #define PEEK_XCLOSEIM 1
| #define _LARGEFILE64_SOURCE 1
| /* end confdefs.h.  */
| #define _LARGEFILE_SOURCE64 1
| #include <sys/stat.h>
| int
| main ()
| {
| char *p = (char *)open64;
|   ;
|   return 0;
| }
configure:6681: result:  _LARGEFILE64_SOURCE
configure:6687: checking for 64-bit integer type
configure:6706: gcc -c  -pipe  conftest.c >&5
conftest.c: In function 'main':
conftest.c:29: error: '__int64' undeclared (first use in this function)
conftest.c:29: error: (Each undeclared identifier is reported only once
conftest.c:29: error: for each function it appears in.)
conftest.c:29: error: expected ';' before 'value'
configure:6706: $? = 1
configure: failed program was:
| /* confdefs.h */
| #define PACKAGE_NAME ""
| #define PACKAGE_TARNAME ""
| #define PACKAGE_VERSION ""
| #define PACKAGE_STRING ""
| #define PACKAGE_BUGREPORT ""
| #define PACKAGE_URL ""
| #define STDC_HEADERS 1
| #define HAVE_SYS_TYPES_H 1
| #define HAVE_SYS_STAT_H 1
| #define HAVE_STDLIB_H 1
| #define HAVE_STRING_H 1
| #define HAVE_MEMORY_H 1
| #define HAVE_STRINGS_H 1
| #define HAVE_INTTYPES_H 1
| #define HAVE_STDINT_H 1
| #define HAVE_UNISTD_H 1
| #define HAVE_LIMITS_H 1
| #define HAVE_UNISTD_H 1
| #define HAVE_SYS_PARAM_H 1
| #define STATIC_BUILD 1
| #define PEEK_XCLOSEIM 1
| #define _LARGEFILE64_SOURCE 1
| /* end confdefs.h.  */
| 
| int
| main ()
| {
| __int64 value = (__int64) 0;
|   ;
|   return 0;
| }
configure:6728: gcc -c  -pipe  conftest.c >&5
configure:6728: $? = 0
configure:6744: result: long long
configure:6748: checking for struct dirent64
configure:6766: gcc -c  -pipe  conftest.c >&5
conftest.c:27:24: error: sys/dirent.h: No such file or directory
conftest.c: In function 'main':
conftest.c:31: error: storage size of 'p' isn't known
configure:6766: $? = 1
configure: failed program was:
| /* confdefs.h */
| #define PACKAGE_NAME ""
| #define PACKAGE_TARNAME ""
| #define PACKAGE_VERSION ""
| #define PACKAGE_STRING ""
| #define PACKAGE_BUGREPORT ""
| #define PACKAGE_URL ""
| #define STDC_HEADERS 1
| #define HAVE_SYS_TYPES_H 1
| #define HAVE_SYS_STAT_H 1
| #define HAVE_STDLIB_H 1
| #define HAVE_STRING_H 1
| #define HAVE_MEMORY_H 1
| #define HAVE_STRINGS_H 1
| #define HAVE_INTTYPES_H 1
| #define HAVE_STDINT_H 1
| #define HAVE_UNISTD_H 1
| #define HAVE_LIMITS_H 1
| #define HAVE_UNISTD_H 1
| #define HAVE_SYS_PARAM_H 1
| #define STATIC_BUILD 1
| #define PEEK_XCLOSEIM 1
| #define _LARGEFILE64_SOURCE 1
| #define TCL_WIDE_INT_TYPE long long
| /* end confdefs.h.  */
| #include <sys/types.h>
| #include <sys/dirent.h>
| int
| main ()
| {
| struct dirent64 p;
|   ;
|   return 0;
| }
configure:6773: result: no
configure:6780: checking for struct stat64
configure:6798: gcc -c  -pipe  conftest.c >&5
configure:6798: $? = 0
configure:6805: result: yes
configure:6815: checking for open64
configure:6815: gcc -o conftest  -pipe   -Wl,--export-dynamic conftest.c  >&5
configure:6815: $? = 0
configure:6815: result: yes
configure:6815: checking for lseek64
configure:6815: gcc -o conftest  -pipe   -Wl,--export-dynamic conftest.c  >&5
configure:6815: $? = 0
configure:6815: result: yes
configure:6825: checking for off64_t
configure:6843: gcc -c  -pipe  conftest.c >&5
configure:6843: $? = 0
configure:6856: result: yes
configure:6870: checking whether byte ordering is bigendian
configure:6885: gcc -c  -pipe  conftest.c >&5
conftest.c:31: error: expected '=', ',', ';', 'asm' or '__attribute__' before 'a'
configure:6885: $? = 1
configure: failed program was:
| /* confdefs.h */
| #define PACKAGE_NAME ""
| #define PACKAGE_TARNAME ""
| #define PACKAGE_VERSION ""
| #define PACKAGE_STRING ""
| #define PACKAGE_BUGREPORT ""
| #define PACKAGE_URL ""
| #define STDC_HEADERS 1
| #define HAVE_SYS_TYPES_H 1
| #define HAVE_SYS_STAT_H 1
| #define HAVE_STDLIB_H 1
| #define HAVE_STRING_H 1
| #define HAVE_MEMORY_H 1
| #define HAVE_STRINGS_H 1
| #define HAVE_INTTYPES_H 1
| #define HAVE_STDINT_H 1
| #define HAVE_UNISTD_H 1
| #define HAVE_LIMITS_H 1
| #define HAVE_UNISTD_H 1
| #define HAVE_SYS_PARAM_H 1
| #define STATIC_BUILD 1
| #define PEEK_XCLOSEIM 1
| #define _LARGEFILE64_SOURCE 1
| #define TCL_WIDE_INT_TYPE long long
| #define HAVE_STRUCT_STAT64 1
| #define HAVE_OPEN64 1
| #define HAVE_LSEEK64 1
| #define HAVE_TYPE_OFF64_T 1
| /* end confdefs.h.  */
| #ifndef __APPLE_CC__
| 	       not a universal capable compiler
| 	     #endif
| 	     typedef int dummy;
| 
configure:6930: gcc -c  -pipe  conftest.c >&5
configure:6930: $? = 0
configure:6948: gcc -c  -pipe  conftest.c >&5
conftest.c: In function 'main':
conftest.c:37: error: 'not' undeclared (first use in this function)
conftest.c:37: error: (Each undeclared identifier is reported only once
conftest.c:37: error: for each function it appears in.)
conftest.c:37: error: expected ';' before 'big'
configure:6948: $? = 1
configure: failed program was:
| /* confdefs.h */
| #define PACKAGE_NAME ""
| #define PACKAGE_TARNAME ""
| #define PACKAGE_VERSION ""
| #define PACKAGE_STRING ""
| #define PACKAGE_BUGREPORT ""
| #define PACKAGE_URL ""
| #define STDC_HEADERS 1
| #define HAVE_SYS_TYPES_H 1
| #define HAVE_SYS_STAT_H 1
| #define HAVE_STDLIB_H 1
| #define HAVE_STRING_H 1
| #define HAVE_MEMORY_H 1
| #define HAVE_STRINGS_H 1
| #define HAVE_INTTYPES_H 1
| #define HAVE_STDINT_H 1
| #define HAVE_UNISTD_H 1
| #define HAVE_LIMITS_H 1
| #define HAVE_UNISTD_H 1
| #define HAVE_SYS_PARAM_H 1
| #define STATIC_BUILD 1
| #define PEEK_XCLOSEIM 1
| #define _LARGEFILE64_SOURCE 1
| #define TCL_WIDE_INT_TYPE long long
| #define HAVE_STRUCT_STAT64 1
| #define HAVE_OPEN64 1
| #define HAVE_LSEEK64 1
| #define HAVE_TYPE_OFF64_T 1
| /* end confdefs.h.  */
| #include <sys/types.h>
| 		#include <sys/param.h>
| 
| int
| main ()
| {
| #if BYTE_ORDER != BIG_ENDIAN
| 		 not big endian
| 		#endif
| 
|   ;
|   return 0;
| }
configure:7076: result: no
configure:7103: checking for getcwd
configure:7103: gcc -o conftest  -pipe   -Wl,--export-dynamic conftest.c  >&5
configure:7103: $? = 0
configure:7103: result: yes
configure:7121: checking for opendir
configure:7121: gcc -o conftest  -pipe   -Wl,--export-dynamic conftest.c  >&5
configure:7121: $? = 0
configure:7121: result: yes
configure:7121: checking for strstr
configure:7121: gcc -o conftest  -pipe   -Wl,--export-dynamic conftest.c  >&5
conftest.c:55: warning: conflicting types for built-in function 'strstr'
configure:7121: $? = 0
configure:7121: result: yes
configure:7121: checking for strtol
configure:7121: gcc -o conftest  -pipe   -Wl,--export-dynamic conftest.c  >&5
configure:7121: $? = 0
configure:7121: result: yes
configure:7121: checking for strtoll
configure:7121: gcc -o conftest  -pipe   -Wl,--export-dynamic conftest.c  >&5
configure:7121: $? = 0
configure:7121: result: yes
configure:7121: checking for strtoull
configure:7121: gcc -o conftest  -pipe   -Wl,--export-dynamic conftest.c  >&5
configure:7121: $? = 0
configure:7121: result: yes
configure:7121: checking for tmpnam
configure:7121: gcc -o conftest  -pipe   -Wl,--export-dynamic conftest.c  >&5
/tmp/ccdEh3qV.o: In function `main':
conftest.c:(.text+0x7): warning: the use of `tmpnam' is dangerous, better use `mkstemp'
configure:7121: $? = 0
configure:7121: result: yes
configure:7121: checking for waitpid
configure:7121: gcc -o conftest  -pipe   -Wl,--export-dynamic conftest.c  >&5
configure:7121: $? = 0
configure:7121: result: yes
configure:7139: checking for strerror
configure:7139: gcc -o conftest  -pipe   -Wl,--export-dynamic conftest.c  >&5
configure:7139: $? = 0
configure:7139: result: yes
configure:7147: checking for getwd
configure:7147: gcc -o conftest  -pipe   -Wl,--export-dynamic conftest.c  >&5
/tmp/cc03atl9.o: In function `main':
conftest.c:(.text+0x7): warning: the `getwd' function is dangerous and should not be used.
configure:7147: $? = 0
configure:7147: result: yes
configure:7155: checking for wait3
configure:7155: gcc -o conftest  -pipe   -Wl,--export-dynamic conftest.c  >&5
configure:7155: $? = 0
configure:7155: result: yes
configure:7163: checking for uname
configure:7163: gcc -o conftest  -pipe   -Wl,--export-dynamic conftest.c  >&5
configure:7163: $? = 0
configure:7163: result: yes
configure:7178: checking for realpath
configure:7178: gcc -o conftest  -pipe   -Wl,--export-dynamic conftest.c  >&5
configure:7178: $? = 0
configure:7178: result: yes
configure:7827: checking sys/modem.h usability
configure:7827: gcc -c  -pipe  conftest.c >&5
conftest.c:71:23: error: sys/modem.h: No such file or directory
configure:7827: $? = 1
configure: failed program was:
| /* confdefs.h */
| #define PACKAGE_NAME ""
| #define PACKAGE_TARNAME ""
| #define PACKAGE_VERSION ""
| #define PACKAGE_STRING ""
| #define PACKAGE_BUGREPORT ""
| #define PACKAGE_URL ""
| #define STDC_HEADERS 1
| #define HAVE_SYS_TYPES_H 1
| #define HAVE_SYS_STAT_H 1
| #define HAVE_STDLIB_H 1
| #define HAVE_STRING_H 1
| #define HAVE_MEMORY_H 1
| #define HAVE_STRINGS_H 1
| #define HAVE_INTTYPES_H 1
| #define HAVE_STDINT_H 1
| #define HAVE_UNISTD_H 1
| #define HAVE_LIMITS_H 1
| #define HAVE_UNISTD_H 1
| #define HAVE_SYS_PARAM_H 1
| #define STATIC_BUILD 1
| #define PEEK_XCLOSEIM 1
| #define _LARGEFILE64_SOURCE 1
| #define TCL_WIDE_INT_TYPE long long
| #define HAVE_STRUCT_STAT64 1
| #define HAVE_OPEN64 1
| #define HAVE_LSEEK64 1
| #define HAVE_TYPE_OFF64_T 1
| #define HAVE_GETCWD 1
| #define HAVE_OPENDIR 1
| #define HAVE_STRSTR 1
| #define HAVE_STRTOL 1
| #define HAVE_STRTOLL 1
| #define HAVE_STRTOULL 1
| #define HAVE_TMPNAM 1
| #define HAVE_WAITPID 1
| /* end confdefs.h.  */
| #include <stdio.h>
| #ifdef HAVE_SYS_TYPES_H
| # include <sys/types.h>
| #endif
| #ifdef HAVE_SYS_STAT_H
| # include <sys/stat.h>
| #endif
| #ifdef STDC_HEADERS
| # include <stdlib.h>
| # include <stddef.h>
| #else
| # ifdef HAVE_STDLIB_H
| #  include <stdlib.h>
| # endif
| #endif
| #ifdef HAVE_STRING_H
| # if !defined STDC_HEADERS && defined HAVE_MEMORY_H
| #  include <memory.h>
| # endif
| # include <string.h>
| #endif
| #ifdef HAVE_STRINGS_H
| # include <strings.h>
| #endif
| #ifdef HAVE_INTTYPES_H
| # include <inttypes.h>
| #endif
| #ifdef HAVE_STDINT_H
| # include <stdint.h>
| #endif
| #ifdef HAVE_UNISTD_H
| # include <unistd.h>
| #endif
| #include <sys/modem.h>
configure:7827: result: no
configure:7827: checking sys/modem.h presence
configure:7827: gcc -E  conftest.c
conftest.c:38:23: error: sys/modem.h: No such file or directory
configure:7827: $? = 1
configure: failed program was:
| /* confdefs.h */
| #define PACKAGE_NAME ""
| #define PACKAGE_TARNAME ""
| #define PACKAGE_VERSION ""
| #define PACKAGE_STRING ""
| #define PACKAGE_BUGREPORT ""
| #define PACKAGE_URL ""
| #define STDC_HEADERS 1
| #define HAVE_SYS_TYPES_H 1
| #define HAVE_SYS_STAT_H 1
| #define HAVE_STDLIB_H 1
| #define HAVE_STRING_H 1
| #define HAVE_MEMORY_H 1
| #define HAVE_STRINGS_H 1
| #define HAVE_INTTYPES_H 1
| #define HAVE_STDINT_H 1
| #define HAVE_UNISTD_H 1
| #define HAVE_LIMITS_H 1
| #define HAVE_UNISTD_H 1
| #define HAVE_SYS_PARAM_H 1
| #define STATIC_BUILD 1
| #define PEEK_XCLOSEIM 1
| #define _LARGEFILE64_SOURCE 1
| #define TCL_WIDE_INT_TYPE long long
| #define HAVE_STRUCT_STAT64 1
| #define HAVE_OPEN64 1
| #define HAVE_LSEEK64 1
| #define HAVE_TYPE_OFF64_T 1
| #define HAVE_GETCWD 1
| #define HAVE_OPENDIR 1
| #define HAVE_STRSTR 1
| #define HAVE_STRTOL 1
| #define HAVE_STRTOLL 1
| #define HAVE_STRTOULL 1
| #define HAVE_TMPNAM 1
| #define HAVE_WAITPID 1
| /* end confdefs.h.  */
| #include <sys/modem.h>
configure:7827: result: no
configure:7827: checking for sys/modem.h
configure:7827: result: no
configure:7837: checking termios vs. termio vs. sgtty
configure:7861: gcc -o conftest  -pipe   -Wl,--export-dynamic conftest.c  >&5
configure:7861: $? = 0
configure:7861: ./conftest
configure:7861: $? = 1
configure: program exited with status 1
configure: failed program was:
| /* confdefs.h */
| #define PACKAGE_NAME ""
| #define PACKAGE_TARNAME ""
| #define PACKAGE_VERSION ""
| #define PACKAGE_STRING ""
| #define PACKAGE_BUGREPORT ""
| #define PACKAGE_URL ""
| #define STDC_HEADERS 1
| #define HAVE_SYS_TYPES_H 1
| #define HAVE_SYS_STAT_H 1
| #define HAVE_STDLIB_H 1
| #define HAVE_STRING_H 1
| #define HAVE_MEMORY_H 1
| #define HAVE_STRINGS_H 1
| #define HAVE_INTTYPES_H 1
| #define HAVE_STDINT_H 1
| #define HAVE_UNISTD_H 1
| #define HAVE_LIMITS_H 1
| #define HAVE_UNISTD_H 1
| #define HAVE_SYS_PARAM_H 1
| #define STATIC_BUILD 1
| #define PEEK_XCLOSEIM 1
| #define _LARGEFILE64_SOURCE 1
| #define TCL_WIDE_INT_TYPE long long
| #define HAVE_STRUCT_STAT64 1
| #define HAVE_OPEN64 1
| #define HAVE_LSEEK64 1
| #define HAVE_TYPE_OFF64_T 1
| #define HAVE_GETCWD 1
| #define HAVE_OPENDIR 1
| #define HAVE_STRSTR 1
| #define HAVE_STRTOL 1
| #define HAVE_STRTOLL 1
| #define HAVE_STRTOULL 1
| #define HAVE_TMPNAM 1
| #define HAVE_WAITPID 1
| /* end confdefs.h.  */
| 
| #include <termios.h>
| 
| int main() {
|     struct termios t;
|     if (tcgetattr(0, &t) == 0) {
| 	cfsetospeed(&t, 0);
| 	t.c_cflag |= PARENB | PARODD | CSIZE | CSTOPB;
| 	return 0;
|     }
|     return 1;
| }
configure:7888: gcc -o conftest  -pipe   -Wl,--export-dynamic conftest.c  >&5
configure:7888: $? = 0
configure:7888: ./conftest
configure:7888: $? = 1
configure: program exited with status 1
configure: failed program was:
| /* confdefs.h */
| #define PACKAGE_NAME ""
| #define PACKAGE_TARNAME ""
| #define PACKAGE_VERSION ""
| #define PACKAGE_STRING ""
| #define PACKAGE_BUGREPORT ""
| #define PACKAGE_URL ""
| #define STDC_HEADERS 1
| #define HAVE_SYS_TYPES_H 1
| #define HAVE_SYS_STAT_H 1
| #define HAVE_STDLIB_H 1
| #define HAVE_STRING_H 1
| #define HAVE_MEMORY_H 1
| #define HAVE_STRINGS_H 1
| #define HAVE_INTTYPES_H 1
| #define HAVE_STDINT_H 1
| #define HAVE_UNISTD_H 1
| #define HAVE_LIMITS_H 1
| #define HAVE_UNISTD_H 1
| #define HAVE_SYS_PARAM_H 1
| #define STATIC_BUILD 1
| #define PEEK_XCLOSEIM 1
| #define _LARGEFILE64_SOURCE 1
| #define TCL_WIDE_INT_TYPE long long
| #define HAVE_STRUCT_STAT64 1
| #define HAVE_OPEN64 1
| #define HAVE_LSEEK64 1
| #define HAVE_TYPE_OFF64_T 1
| #define HAVE_GETCWD 1
| #define HAVE_OPENDIR 1
| #define HAVE_STRSTR 1
| #define HAVE_STRTOL 1
| #define HAVE_STRTOLL 1
| #define HAVE_STRTOULL 1
| #define HAVE_TMPNAM 1
| #define HAVE_WAITPID 1
| /* end confdefs.h.  */
| 
| #include <termio.h>
| 
| int main() {
|     struct termio t;
|     if (ioctl(0, TCGETA, &t) == 0) {
| 	t.c_cflag |= CBAUD | PARENB | PARODD | CSIZE | CSTOPB;
| 	return 0;
|     }
|     return 1;
| }
configure:7917: gcc -o conftest  -pipe   -Wl,--export-dynamic conftest.c  >&5
conftest.c: In function 'main':
conftest.c:42: error: storage size of 't' isn't known
conftest.c:43: error: 'TIOCGETP' undeclared (first use in this function)
conftest.c:43: error: (Each undeclared identifier is reported only once
conftest.c:43: error: for each function it appears in.)
conftest.c:45: error: 'ODDP' undeclared (first use in this function)
conftest.c:45: error: 'EVENP' undeclared (first use in this function)
conftest.c:45: error: 'RAW' undeclared (first use in this function)
configure:7917: $? = 1
configure: program exited with status 1
configure: failed program was:
| /* confdefs.h */
| #define PACKAGE_NAME ""
| #define PACKAGE_TARNAME ""
| #define PACKAGE_VERSION ""
| #define PACKAGE_STRING ""
| #define PACKAGE_BUGREPORT ""
| #define PACKAGE_URL ""
| #define STDC_HEADERS 1
| #define HAVE_SYS_TYPES_H 1
| #define HAVE_SYS_STAT_H 1
| #define HAVE_STDLIB_H 1
| #define HAVE_STRING_H 1
| #define HAVE_MEMORY_H 1
| #define HAVE_STRINGS_H 1
| #define HAVE_INTTYPES_H 1
| #define HAVE_STDINT_H 1
| #define HAVE_UNISTD_H 1
| #define HAVE_LIMITS_H 1
| #define HAVE_UNISTD_H 1
| #define HAVE_SYS_PARAM_H 1
| #define STATIC_BUILD 1
| #define PEEK_XCLOSEIM 1
| #define _LARGEFILE64_SOURCE 1
| #define TCL_WIDE_INT_TYPE long long
| #define HAVE_STRUCT_STAT64 1
| #define HAVE_OPEN64 1
| #define HAVE_LSEEK64 1
| #define HAVE_TYPE_OFF64_T 1
| #define HAVE_GETCWD 1
| #define HAVE_OPENDIR 1
| #define HAVE_STRSTR 1
| #define HAVE_STRTOL 1
| #define HAVE_STRTOLL 1
| #define HAVE_STRTOULL 1
| #define HAVE_TMPNAM 1
| #define HAVE_WAITPID 1
| /* end confdefs.h.  */
| 
| #include <sgtty.h>
| 
| int main() {
|     struct sgttyb t;
|     if (ioctl(0, TIOCGETP, &t) == 0) {
| 	t.sg_ospeed = 0;
| 	t.sg_flags |= ODDP | EVENP | RAW;
| 	return 0;
|     }
|     return 1;
| }
configure:7948: gcc -o conftest  -pipe   -Wl,--export-dynamic conftest.c  >&5
configure:7948: $? = 0
configure:7948: ./conftest
configure:7948: $? = 0
configure:8020: result: termios
configure:8042: checking for fd_set in sys/types
configure:8059: gcc -c  -pipe  conftest.c >&5
configure:8059: $? = 0
configure:8066: result: yes
configure:8107: checking whether struct tm is in sys/time.h or time.h
configure:8127: gcc -c  -pipe  conftest.c >&5
configure:8127: $? = 0
configure:8134: result: time.h
configure:8145: checking sys/time.h usability
configure:8145: gcc -c  -pipe  conftest.c >&5
configure:8145: $? = 0
configure:8145: result: yes
configure:8145: checking sys/time.h presence
configure:8145: gcc -E  conftest.c
configure:8145: $? = 0
configure:8145: result: yes
configure:8145: checking for sys/time.h
configure:8145: result: yes
configure:8155: checking whether time.h and sys/time.h may both be included
configure:8175: gcc -c  -pipe  conftest.c >&5
configure:8175: $? = 0
configure:8182: result: yes
configure:8190: checking for struct tm.tm_zone
configure:8190: gcc -c  -pipe  conftest.c >&5
configure:8190: $? = 0
configure:8190: result: yes
configure:8261: checking for gmtime_r
configure:8261: gcc -o conftest  -pipe   -Wl,--export-dynamic conftest.c  >&5
configure:8261: $? = 0
configure:8261: result: yes
configure:8261: checking for localtime_r
configure:8261: gcc -o conftest  -pipe   -Wl,--export-dynamic conftest.c  >&5
configure:8261: $? = 0
configure:8261: result: yes
configure:8272: checking tm_tzadj in struct tm
configure:8289: gcc -c  -pipe  conftest.c >&5
conftest.c: In function 'main':
conftest.c:49: error: 'struct tm' has no member named 'tm_tzadj'
configure:8289: $? = 1
configure: failed program was:
| /* confdefs.h */
| #define PACKAGE_NAME ""
| #define PACKAGE_TARNAME ""
| #define PACKAGE_VERSION ""
| #define PACKAGE_STRING ""
| #define PACKAGE_BUGREPORT ""
| #define PACKAGE_URL ""
| #define STDC_HEADERS 1
| #define HAVE_SYS_TYPES_H 1
| #define HAVE_SYS_STAT_H 1
| #define HAVE_STDLIB_H 1
| #define HAVE_STRING_H 1
| #define HAVE_MEMORY_H 1
| #define HAVE_STRINGS_H 1
| #define HAVE_INTTYPES_H 1
| #define HAVE_STDINT_H 1
| #define HAVE_UNISTD_H 1
| #define HAVE_LIMITS_H 1
| #define HAVE_UNISTD_H 1
| #define HAVE_SYS_PARAM_H 1
| #define STATIC_BUILD 1
| #define PEEK_XCLOSEIM 1
| #define _LARGEFILE64_SOURCE 1
| #define TCL_WIDE_INT_TYPE long long
| #define HAVE_STRUCT_STAT64 1
| #define HAVE_OPEN64 1
| #define HAVE_LSEEK64 1
| #define HAVE_TYPE_OFF64_T 1
| #define HAVE_GETCWD 1
| #define HAVE_OPENDIR 1
| #define HAVE_STRSTR 1
| #define HAVE_STRTOL 1
| #define HAVE_STRTOLL 1
| #define HAVE_STRTOULL 1
| #define HAVE_TMPNAM 1
| #define HAVE_WAITPID 1
| #define USE_TERMIOS 1
| #define HAVE_SYS_TIME_H 1
| #define TIME_WITH_SYS_TIME 1
| #define HAVE_STRUCT_TM_TM_ZONE 1
| #define HAVE_TM_ZONE 1
| #define HAVE_GMTIME_R 1
| #define HAVE_LOCALTIME_R 1
| /* end confdefs.h.  */
| #include <time.h>
| int
| main ()
| {
| struct tm tm; tm.tm_tzadj;
|   ;
|   return 0;
| }
configure:8296: result: no
configure:8303: checking tm_gmtoff in struct tm
configure:8320: gcc -c  -pipe  conftest.c >&5
configure:8320: $? = 0
configure:8327: result: yes
configure:8338: checking long timezone variable
configure:8357: gcc -c  -pipe  conftest.c >&5
conftest.c: In function 'main':
conftest.c:52: warning: incompatible implicit declaration of built-in function 'exit'
configure:8357: $? = 0
configure:8364: result: yes
configure:8412: checking for struct stat.st_blksize
configure:8412: gcc -c  -pipe  conftest.c >&5
configure:8412: $? = 0
configure:8412: result: yes
configure:8425: checking for fstatfs
configure:8425: gcc -o conftest  -pipe   -Wl,--export-dynamic conftest.c  >&5
configure:8425: $? = 0
configure:8425: result: yes
configure:8438: checking for working memcmp
configure:8481: gcc -o conftest  -pipe   -Wl,--export-dynamic conftest.c  >&5
configure:8481: $? = 0
configure:8481: ./conftest
configure:8481: $? = 0
configure:8491: result: yes
configure:8506: checking for memmove
configure:8506: gcc -o conftest  -pipe   -Wl,--export-dynamic conftest.c  >&5
conftest.c:72: warning: conflicting types for built-in function 'memmove'
configure:8506: $? = 0
configure:8506: result: yes
configure:8521: checking proper strstr implementation
configure:8539: gcc -o conftest  -pipe   -Wl,--export-dynamic conftest.c  >&5
conftest.c:50: warning: conflicting types for built-in function 'strstr'
conftest.c: In function 'main':
conftest.c:53: warning: incompatible implicit declaration of built-in function 'exit'
configure:8539: $? = 0
configure:8539: ./conftest
configure:8539: $? = 0
configure:8549: result: ok
configure:8562: checking for strtoul
configure:8562: gcc -o conftest  -pipe   -Wl,--export-dynamic conftest.c  >&5
configure:8562: $? = 0
configure:8562: result: yes
configure:8570: checking proper strtoul implementation
configure:8595: gcc -o conftest  -pipe   -Wl,--export-dynamic conftest.c  >&5
conftest.c: In function 'main':
conftest.c:58: warning: incompatible implicit declaration of built-in function 'exit'
conftest.c:60: warning: incompatible implicit declaration of built-in function 'exit'
configure:8595: $? = 0
configure:8595: ./conftest
configure:8595: $? = 0
configure:8605: result: ok
configure:8620: checking for strtod
configure:8620: gcc -o conftest  -pipe   -Wl,--export-dynamic conftest.c  >&5
configure:8620: $? = 0
configure:8620: result: yes
configure:8628: checking proper strtod implementation
configure:8653: gcc -o conftest  -pipe   -Wl,--export-dynamic conftest.c  >&5
conftest.c: In function 'main':
conftest.c:58: warning: incompatible implicit declaration of built-in function 'exit'
conftest.c:60: warning: incompatible implicit declaration of built-in function 'exit'
configure:8653: $? = 0
configure:8653: ./conftest
configure:8653: $? = 0
configure:8663: result: ok
configure:8681: checking for strtod
configure:8681: result: yes
configure:8689: checking for Solaris2.4/Tru64 strtod bugs
configure:8721: gcc -o conftest  -pipe   -Wl,--export-dynamic conftest.c  >&5
conftest.c: In function 'main':
conftest.c:57: warning: incompatible implicit declaration of built-in function 'exit'
conftest.c:61: warning: incompatible implicit declaration of built-in function 'exit'
conftest.c:65: warning: incompatible implicit declaration of built-in function 'exit'
conftest.c:67: warning: incompatible implicit declaration of built-in function 'exit'
configure:8721: $? = 0
configure:8721: ./conftest
configure:8721: $? = 0
configure:8731: result: ok
configure:8746: checking for mode_t
configure:8746: gcc -c  -pipe  conftest.c >&5
configure:8746: $? = 0
configure:8746: gcc -c  -pipe  conftest.c >&5
conftest.c: In function 'main':
conftest.c:85: error: expected expression before ')' token
configure:8746: $? = 1
configure: failed program was:
| /* confdefs.h */
| #define PACKAGE_NAME ""
| #define PACKAGE_TARNAME ""
| #define PACKAGE_VERSION ""
| #define PACKAGE_STRING ""
| #define PACKAGE_BUGREPORT ""
| #define PACKAGE_URL ""
| #define STDC_HEADERS 1
| #define HAVE_SYS_TYPES_H 1
| #define HAVE_SYS_STAT_H 1
| #define HAVE_STDLIB_H 1
| #define HAVE_STRING_H 1
| #define HAVE_MEMORY_H 1
| #define HAVE_STRINGS_H 1
| #define HAVE_INTTYPES_H 1
| #define HAVE_STDINT_H 1
| #define HAVE_UNISTD_H 1
| #define HAVE_LIMITS_H 1
| #define HAVE_UNISTD_H 1
| #define HAVE_SYS_PARAM_H 1
| #define STATIC_BUILD 1
| #define PEEK_XCLOSEIM 1
| #define _LARGEFILE64_SOURCE 1
| #define TCL_WIDE_INT_TYPE long long
| #define HAVE_STRUCT_STAT64 1
| #define HAVE_OPEN64 1
| #define HAVE_LSEEK64 1
| #define HAVE_TYPE_OFF64_T 1
| #define HAVE_GETCWD 1
| #define HAVE_OPENDIR 1
| #define HAVE_STRSTR 1
| #define HAVE_STRTOL 1
| #define HAVE_STRTOLL 1
| #define HAVE_STRTOULL 1
| #define HAVE_TMPNAM 1
| #define HAVE_WAITPID 1
| #define USE_TERMIOS 1
| #define HAVE_SYS_TIME_H 1
| #define TIME_WITH_SYS_TIME 1
| #define HAVE_STRUCT_TM_TM_ZONE 1
| #define HAVE_TM_ZONE 1
| #define HAVE_GMTIME_R 1
| #define HAVE_LOCALTIME_R 1
| #define HAVE_TM_GMTOFF 1
| #define HAVE_TIMEZONE_VAR 1
| #define HAVE_STRUCT_STAT_ST_BLKSIZE 1
| #define HAVE_ST_BLKSIZE 1
| /* end confdefs.h.  */
| #include <stdio.h>
| #ifdef HAVE_SYS_TYPES_H
| # include <sys/types.h>
| #endif
| #ifdef HAVE_SYS_STAT_H
| # include <sys/stat.h>
| #endif
| #ifdef STDC_HEADERS
| # include <stdlib.h>
| # include <stddef.h>
| #else
| # ifdef HAVE_STDLIB_H
| #  include <stdlib.h>
| # endif
| #endif
| #ifdef HAVE_STRING_H
| # if !defined STDC_HEADERS && defined HAVE_MEMORY_H
| #  include <memory.h>
| # endif
| # include <string.h>
| #endif
| #ifdef HAVE_STRINGS_H
| # include <strings.h>
| #endif
| #ifdef HAVE_INTTYPES_H
| # include <inttypes.h>
| #endif
| #ifdef HAVE_STDINT_H
| # include <stdint.h>
| #endif
| #ifdef HAVE_UNISTD_H
| # include <unistd.h>
| #endif
| int
| main ()
| {
| if (sizeof ((mode_t)))
| 	    return 0;
|   ;
|   return 0;
| }
configure:8746: result: yes
configure:8757: checking for pid_t
configure:8757: gcc -c  -pipe  conftest.c >&5
configure:8757: $? = 0
configure:8757: gcc -c  -pipe  conftest.c >&5
conftest.c: In function 'main':
conftest.c:85: error: expected expression before ')' token
configure:8757: $? = 1
configure: failed program was:
| /* confdefs.h */
| #define PACKAGE_NAME ""
| #define PACKAGE_TARNAME ""
| #define PACKAGE_VERSION ""
| #define PACKAGE_STRING ""
| #define PACKAGE_BUGREPORT ""
| #define PACKAGE_URL ""
| #define STDC_HEADERS 1
| #define HAVE_SYS_TYPES_H 1
| #define HAVE_SYS_STAT_H 1
| #define HAVE_STDLIB_H 1
| #define HAVE_STRING_H 1
| #define HAVE_MEMORY_H 1
| #define HAVE_STRINGS_H 1
| #define HAVE_INTTYPES_H 1
| #define HAVE_STDINT_H 1
| #define HAVE_UNISTD_H 1
| #define HAVE_LIMITS_H 1
| #define HAVE_UNISTD_H 1
| #define HAVE_SYS_PARAM_H 1
| #define STATIC_BUILD 1
| #define PEEK_XCLOSEIM 1
| #define _LARGEFILE64_SOURCE 1
| #define TCL_WIDE_INT_TYPE long long
| #define HAVE_STRUCT_STAT64 1
| #define HAVE_OPEN64 1
| #define HAVE_LSEEK64 1
| #define HAVE_TYPE_OFF64_T 1
| #define HAVE_GETCWD 1
| #define HAVE_OPENDIR 1
| #define HAVE_STRSTR 1
| #define HAVE_STRTOL 1
| #define HAVE_STRTOLL 1
| #define HAVE_STRTOULL 1
| #define HAVE_TMPNAM 1
| #define HAVE_WAITPID 1
| #define USE_TERMIOS 1
| #define HAVE_SYS_TIME_H 1
| #define TIME_WITH_SYS_TIME 1
| #define HAVE_STRUCT_TM_TM_ZONE 1
| #define HAVE_TM_ZONE 1
| #define HAVE_GMTIME_R 1
| #define HAVE_LOCALTIME_R 1
| #define HAVE_TM_GMTOFF 1
| #define HAVE_TIMEZONE_VAR 1
| #define HAVE_STRUCT_STAT_ST_BLKSIZE 1
| #define HAVE_ST_BLKSIZE 1
| /* end confdefs.h.  */
| #include <stdio.h>
| #ifdef HAVE_SYS_TYPES_H
| # include <sys/types.h>
| #endif
| #ifdef HAVE_SYS_STAT_H
| # include <sys/stat.h>
| #endif
| #ifdef STDC_HEADERS
| # include <stdlib.h>
| # include <stddef.h>
| #else
| # ifdef HAVE_STDLIB_H
| #  include <stdlib.h>
| # endif
| #endif
| #ifdef HAVE_STRING_H
| # if !defined STDC_HEADERS && defined HAVE_MEMORY_H
| #  include <memory.h>
| # endif
| # include <string.h>
| #endif
| #ifdef HAVE_STRINGS_H
| # include <strings.h>
| #endif
| #ifdef HAVE_INTTYPES_H
| # include <inttypes.h>
| #endif
| #ifdef HAVE_STDINT_H
| # include <stdint.h>
| #endif
| #ifdef HAVE_UNISTD_H
| # include <unistd.h>
| #endif
| int
| main ()
| {
| if (sizeof ((pid_t)))
| 	    return 0;
|   ;
|   return 0;
| }
configure:8757: result: yes
configure:8768: checking for size_t
configure:8768: gcc -c  -pipe  conftest.c >&5
configure:8768: $? = 0
configure:8768: gcc -c  -pipe  conftest.c >&5
conftest.c: In function 'main':
conftest.c:85: error: expected expression before ')' token
configure:8768: $? = 1
configure: failed program was:
| /* confdefs.h */
| #define PACKAGE_NAME ""
| #define PACKAGE_TARNAME ""
| #define PACKAGE_VERSION ""
| #define PACKAGE_STRING ""
| #define PACKAGE_BUGREPORT ""
| #define PACKAGE_URL ""
| #define STDC_HEADERS 1
| #define HAVE_SYS_TYPES_H 1
| #define HAVE_SYS_STAT_H 1
| #define HAVE_STDLIB_H 1
| #define HAVE_STRING_H 1
| #define HAVE_MEMORY_H 1
| #define HAVE_STRINGS_H 1
| #define HAVE_INTTYPES_H 1
| #define HAVE_STDINT_H 1
| #define HAVE_UNISTD_H 1
| #define HAVE_LIMITS_H 1
| #define HAVE_UNISTD_H 1
| #define HAVE_SYS_PARAM_H 1
| #define STATIC_BUILD 1
| #define PEEK_XCLOSEIM 1
| #define _LARGEFILE64_SOURCE 1
| #define TCL_WIDE_INT_TYPE long long
| #define HAVE_STRUCT_STAT64 1
| #define HAVE_OPEN64 1
| #define HAVE_LSEEK64 1
| #define HAVE_TYPE_OFF64_T 1
| #define HAVE_GETCWD 1
| #define HAVE_OPENDIR 1
| #define HAVE_STRSTR 1
| #define HAVE_STRTOL 1
| #define HAVE_STRTOLL 1
| #define HAVE_STRTOULL 1
| #define HAVE_TMPNAM 1
| #define HAVE_WAITPID 1
| #define USE_TERMIOS 1
| #define HAVE_SYS_TIME_H 1
| #define TIME_WITH_SYS_TIME 1
| #define HAVE_STRUCT_TM_TM_ZONE 1
| #define HAVE_TM_ZONE 1
| #define HAVE_GMTIME_R 1
| #define HAVE_LOCALTIME_R 1
| #define HAVE_TM_GMTOFF 1
| #define HAVE_TIMEZONE_VAR 1
| #define HAVE_STRUCT_STAT_ST_BLKSIZE 1
| #define HAVE_ST_BLKSIZE 1
| /* end confdefs.h.  */
| #include <stdio.h>
| #ifdef HAVE_SYS_TYPES_H
| # include <sys/types.h>
| #endif
| #ifdef HAVE_SYS_STAT_H
| # include <sys/stat.h>
| #endif
| #ifdef STDC_HEADERS
| # include <stdlib.h>
| # include <stddef.h>
| #else
| # ifdef HAVE_STDLIB_H
| #  include <stdlib.h>
| # endif
| #endif
| #ifdef HAVE_STRING_H
| # if !defined STDC_HEADERS && defined HAVE_MEMORY_H
| #  include <memory.h>
| # endif
| # include <string.h>
| #endif
| #ifdef HAVE_STRINGS_H
| # include <strings.h>
| #endif
| #ifdef HAVE_INTTYPES_H
| # include <inttypes.h>
| #endif
| #ifdef HAVE_STDINT_H
| # include <stdint.h>
| #endif
| #ifdef HAVE_UNISTD_H
| # include <unistd.h>
| #endif
| int
| main ()
| {
| if (sizeof ((size_t)))
| 	    return 0;
|   ;
|   return 0;
| }
configure:8768: result: yes
configure:8779: checking for uid_t in sys/types.h
configure:8798: result: yes
configure:8810: checking for socklen_t
configure:8836: result: yes
configure:8850: checking for opendir
configure:8850: result: yes
configure:8867: checking union wait
configure:8889: gcc -o conftest  -pipe   -Wl,--export-dynamic conftest.c  >&5
configure:8889: $? = 0
configure:8897: result: yes
configure:8910: checking for strncasecmp
configure:8910: gcc -o conftest  -pipe   -Wl,--export-dynamic conftest.c  >&5
conftest.c:72: warning: conflicting types for built-in function 'strncasecmp'
configure:8910: $? = 0
configure:8910: result: yes
configure:9020: checking for BSDgettimeofday
configure:9020: gcc -o conftest  -pipe   -Wl,--export-dynamic conftest.c  >&5
/tmp/ccsh8qR7.o: In function `main':
conftest.c:(.text+0x7): undefined reference to `BSDgettimeofday'
collect2: ld returned 1 exit status
configure:9020: $? = 1
configure: failed program was:
| /* confdefs.h */
| #define PACKAGE_NAME ""
| #define PACKAGE_TARNAME ""
| #define PACKAGE_VERSION ""
| #define PACKAGE_STRING ""
| #define PACKAGE_BUGREPORT ""
| #define PACKAGE_URL ""
| #define STDC_HEADERS 1
| #define HAVE_SYS_TYPES_H 1
| #define HAVE_SYS_STAT_H 1
| #define HAVE_STDLIB_H 1
| #define HAVE_STRING_H 1
| #define HAVE_MEMORY_H 1
| #define HAVE_STRINGS_H 1
| #define HAVE_INTTYPES_H 1
| #define HAVE_STDINT_H 1
| #define HAVE_UNISTD_H 1
| #define HAVE_LIMITS_H 1
| #define HAVE_UNISTD_H 1
| #define HAVE_SYS_PARAM_H 1
| #define STATIC_BUILD 1
| #define PEEK_XCLOSEIM 1
| #define _LARGEFILE64_SOURCE 1
| #define TCL_WIDE_INT_TYPE long long
| #define HAVE_STRUCT_STAT64 1
| #define HAVE_OPEN64 1
| #define HAVE_LSEEK64 1
| #define HAVE_TYPE_OFF64_T 1
| #define HAVE_GETCWD 1
| #define HAVE_OPENDIR 1
| #define HAVE_STRSTR 1
| #define HAVE_STRTOL 1
| #define HAVE_STRTOLL 1
| #define HAVE_STRTOULL 1
| #define HAVE_TMPNAM 1
| #define HAVE_WAITPID 1
| #define USE_TERMIOS 1
| #define HAVE_SYS_TIME_H 1
| #define TIME_WITH_SYS_TIME 1
| #define HAVE_STRUCT_TM_TM_ZONE 1
| #define HAVE_TM_ZONE 1
| #define HAVE_GMTIME_R 1
| #define HAVE_LOCALTIME_R 1
| #define HAVE_TM_GMTOFF 1
| #define HAVE_TIMEZONE_VAR 1
| #define HAVE_STRUCT_STAT_ST_BLKSIZE 1
| #define HAVE_ST_BLKSIZE 1
| /* end confdefs.h.  */
| /* Define BSDgettimeofday to an innocuous variant, in case <limits.h> declares BSDgettimeofday.
|    For example, HP-UX 11i <limits.h> declares gettimeofday.  */
| #define BSDgettimeofday innocuous_BSDgettimeofday
| 
| /* System header to define __stub macros and hopefully few prototypes,
|     which can conflict with char BSDgettimeofday (); below.
|     Prefer <limits.h> to <assert.h> if __STDC__ is defined, since
|     <limits.h> exists even on freestanding compilers.  */
| 
| #ifdef __STDC__
| # include <limits.h>
| #else
| # include <assert.h>
| #endif
| 
| #undef BSDgettimeofday
| 
| /* Override any GCC internal prototype to avoid an error.
|    Use char because int might match the return type of a GCC
|    builtin and then its argument prototype would still apply.  */
| #ifdef __cplusplus
| extern "C"
| #endif
| char BSDgettimeofday ();
| /* The GNU C library defines this for functions which it implements
|     to always fail with ENOSYS.  Some functions are actually named
|     something starting with __ and the normal name is an alias.  */
| #if defined __stub_BSDgettimeofday || defined __stub___BSDgettimeofday
| choke me
| #endif
| 
| int
| main ()
| {
| return BSDgettimeofday ();
|   ;
|   return 0;
| }
configure:9020: result: no
configure:9026: checking for gettimeofday
configure:9026: gcc -o conftest  -pipe   -Wl,--export-dynamic conftest.c  >&5
configure:9026: $? = 0
configure:9026: result: yes
configure:9037: checking for gettimeofday declaration
configure:9057: result: present
configure:9070: checking whether char is unsigned
configure:9088: gcc -c  -pipe  conftest.c >&5
configure:9088: $? = 0
configure:9095: result: no
configure:9102: checking signed char declarations
configure:9122: gcc -c  -pipe  conftest.c >&5
configure:9122: $? = 0
configure:9129: result: yes
configure:9140: checking for a putenv() that copies the buffer
configure:9171: gcc -o conftest  -pipe   -Wl,--export-dynamic conftest.c  >&5
conftest.c: In function 'main':
conftest.c:56: warning: incompatible implicit declaration of built-in function 'strdup'
conftest.c:58: warning: incompatible implicit declaration of built-in function 'strcpy'
conftest.c:58: warning: incompatible implicit declaration of built-in function 'strchr'
configure:9171: $? = 0
configure:9171: ./conftest
configure:9171: $? = 0
configure:9181: result: no
configure:9203: checking langinfo.h usability
configure:9203: gcc -c  -pipe  conftest.c >&5
configure:9203: $? = 0
configure:9203: result: yes
configure:9203: checking langinfo.h presence
configure:9203: gcc -E  conftest.c
configure:9203: $? = 0
configure:9203: result: yes
configure:9203: checking for langinfo.h
configure:9203: result: yes
configure:9212: checking whether to use nl_langinfo
configure:9230: gcc -c  -pipe  conftest.c >&5
configure:9230: $? = 0
configure:9238: result: yes
configure:9382: checking for fts
configure:9407: gcc -o conftest  -pipe   -Wl,--export-dynamic conftest.c  >&5
conftest.c: In function 'main':
conftest.c:60: error: 'NULL' undeclared (first use in this function)
conftest.c:60: error: (Each undeclared identifier is reported only once
conftest.c:60: error: for each function it appears in.)
configure:9407: $? = 1
configure: failed program was:
| /* confdefs.h */
| #define PACKAGE_NAME ""
| #define PACKAGE_TARNAME ""
| #define PACKAGE_VERSION ""
| #define PACKAGE_STRING ""
| #define PACKAGE_BUGREPORT ""
| #define PACKAGE_URL ""
| #define STDC_HEADERS 1
| #define HAVE_SYS_TYPES_H 1
| #define HAVE_SYS_STAT_H 1
| #define HAVE_STDLIB_H 1
| #define HAVE_STRING_H 1
| #define HAVE_MEMORY_H 1
| #define HAVE_STRINGS_H 1
| #define HAVE_INTTYPES_H 1
| #define HAVE_STDINT_H 1
| #define HAVE_UNISTD_H 1
| #define HAVE_LIMITS_H 1
| #define HAVE_UNISTD_H 1
| #define HAVE_SYS_PARAM_H 1
| #define STATIC_BUILD 1
| #define PEEK_XCLOSEIM 1
| #define _LARGEFILE64_SOURCE 1
| #define TCL_WIDE_INT_TYPE long long
| #define HAVE_STRUCT_STAT64 1
| #define HAVE_OPEN64 1
| #define HAVE_LSEEK64 1
| #define HAVE_TYPE_OFF64_T 1
| #define HAVE_GETCWD 1
| #define HAVE_OPENDIR 1
| #define HAVE_STRSTR 1
| #define HAVE_STRTOL 1
| #define HAVE_STRTOLL 1
| #define HAVE_STRTOULL 1
| #define HAVE_TMPNAM 1
| #define HAVE_WAITPID 1
| #define USE_TERMIOS 1
| #define HAVE_SYS_TIME_H 1
| #define TIME_WITH_SYS_TIME 1
| #define HAVE_STRUCT_TM_TM_ZONE 1
| #define HAVE_TM_ZONE 1
| #define HAVE_GMTIME_R 1
| #define HAVE_LOCALTIME_R 1
| #define HAVE_TM_GMTOFF 1
| #define HAVE_TIMEZONE_VAR 1
| #define HAVE_STRUCT_STAT_ST_BLKSIZE 1
| #define HAVE_ST_BLKSIZE 1
| #define HAVE_SIGNED_CHAR 1
| #define HAVE_LANGINFO 1
| /* end confdefs.h.  */
| 
| 	    #include <sys/param.h>
| 	    #include <sys/stat.h>
| 	    #include <fts.h>
| 
| int
| main ()
| {
| 
| 	    char*const p[2] = {"/", NULL};
| 	    FTS *f = fts_open(p, FTS_PHYSICAL|FTS_NOCHDIR|FTS_NOSTAT, NULL);
| 	    FTSENT *e = fts_read(f); fts_close(f);
| 
|   ;
|   return 0;
| }
configure:9415: result: no
configure:9432: checking sys/ioctl.h usability
configure:9432: gcc -c  -pipe  conftest.c >&5
configure:9432: $? = 0
configure:9432: result: yes
configure:9432: checking sys/ioctl.h presence
configure:9432: gcc -E  conftest.c
configure:9432: $? = 0
configure:9432: result: yes
configure:9432: checking for sys/ioctl.h
configure:9432: result: yes
configure:9444: checking sys/filio.h usability
configure:9444: gcc -c  -pipe  conftest.c >&5
conftest.c:85:23: error: sys/filio.h: No such file or directory
configure:9444: $? = 1
configure: failed program was:
| /* confdefs.h */
| #define PACKAGE_NAME ""
| #define PACKAGE_TARNAME ""
| #define PACKAGE_VERSION ""
| #define PACKAGE_STRING ""
| #define PACKAGE_BUGREPORT ""
| #define PACKAGE_URL ""
| #define STDC_HEADERS 1
| #define HAVE_SYS_TYPES_H 1
| #define HAVE_SYS_STAT_H 1
| #define HAVE_STDLIB_H 1
| #define HAVE_STRING_H 1
| #define HAVE_MEMORY_H 1
| #define HAVE_STRINGS_H 1
| #define HAVE_INTTYPES_H 1
| #define HAVE_STDINT_H 1
| #define HAVE_UNISTD_H 1
| #define HAVE_LIMITS_H 1
| #define HAVE_UNISTD_H 1
| #define HAVE_SYS_PARAM_H 1
| #define STATIC_BUILD 1
| #define PEEK_XCLOSEIM 1
| #define _LARGEFILE64_SOURCE 1
| #define TCL_WIDE_INT_TYPE long long
| #define HAVE_STRUCT_STAT64 1
| #define HAVE_OPEN64 1
| #define HAVE_LSEEK64 1
| #define HAVE_TYPE_OFF64_T 1
| #define HAVE_GETCWD 1
| #define HAVE_OPENDIR 1
| #define HAVE_STRSTR 1
| #define HAVE_STRTOL 1
| #define HAVE_STRTOLL 1
| #define HAVE_STRTOULL 1
| #define HAVE_TMPNAM 1
| #define HAVE_WAITPID 1
| #define USE_TERMIOS 1
| #define HAVE_SYS_TIME_H 1
| #define TIME_WITH_SYS_TIME 1
| #define HAVE_STRUCT_TM_TM_ZONE 1
| #define HAVE_TM_ZONE 1
| #define HAVE_GMTIME_R 1
| #define HAVE_LOCALTIME_R 1
| #define HAVE_TM_GMTOFF 1
| #define HAVE_TIMEZONE_VAR 1
| #define HAVE_STRUCT_STAT_ST_BLKSIZE 1
| #define HAVE_ST_BLKSIZE 1
| #define HAVE_SIGNED_CHAR 1
| #define HAVE_LANGINFO 1
| #define HAVE_SYS_IOCTL_H 1
| /* end confdefs.h.  */
| #include <stdio.h>
| #ifdef HAVE_SYS_TYPES_H
| # include <sys/types.h>
| #endif
| #ifdef HAVE_SYS_STAT_H
| # include <sys/stat.h>
| #endif
| #ifdef STDC_HEADERS
| # include <stdlib.h>
| # include <stddef.h>
| #else
| # ifdef HAVE_STDLIB_H
| #  include <stdlib.h>
| # endif
| #endif
| #ifdef HAVE_STRING_H
| # if !defined STDC_HEADERS && defined HAVE_MEMORY_H
| #  include <memory.h>
| # endif
| # include <string.h>
| #endif
| #ifdef HAVE_STRINGS_H
| # include <strings.h>
| #endif
| #ifdef HAVE_INTTYPES_H
| # include <inttypes.h>
| #endif
| #ifdef HAVE_STDINT_H
| # include <stdint.h>
| #endif
| #ifdef HAVE_UNISTD_H
| # include <unistd.h>
| #endif
| #include <sys/filio.h>
configure:9444: result: no
configure:9444: checking sys/filio.h presence
configure:9444: gcc -E  conftest.c
conftest.c:52:23: error: sys/filio.h: No such file or directory
configure:9444: $? = 1
configure: failed program was:
| /* confdefs.h */
| #define PACKAGE_NAME ""
| #define PACKAGE_TARNAME ""
| #define PACKAGE_VERSION ""
| #define PACKAGE_STRING ""
| #define PACKAGE_BUGREPORT ""
| #define PACKAGE_URL ""
| #define STDC_HEADERS 1
| #define HAVE_SYS_TYPES_H 1
| #define HAVE_SYS_STAT_H 1
| #define HAVE_STDLIB_H 1
| #define HAVE_STRING_H 1
| #define HAVE_MEMORY_H 1
| #define HAVE_STRINGS_H 1
| #define HAVE_INTTYPES_H 1
| #define HAVE_STDINT_H 1
| #define HAVE_UNISTD_H 1
| #define HAVE_LIMITS_H 1
| #define HAVE_UNISTD_H 1
| #define HAVE_SYS_PARAM_H 1
| #define STATIC_BUILD 1
| #define PEEK_XCLOSEIM 1
| #define _LARGEFILE64_SOURCE 1
| #define TCL_WIDE_INT_TYPE long long
| #define HAVE_STRUCT_STAT64 1
| #define HAVE_OPEN64 1
| #define HAVE_LSEEK64 1
| #define HAVE_TYPE_OFF64_T 1
| #define HAVE_GETCWD 1
| #define HAVE_OPENDIR 1
| #define HAVE_STRSTR 1
| #define HAVE_STRTOL 1
| #define HAVE_STRTOLL 1
| #define HAVE_STRTOULL 1
| #define HAVE_TMPNAM 1
| #define HAVE_WAITPID 1
| #define USE_TERMIOS 1
| #define HAVE_SYS_TIME_H 1
| #define TIME_WITH_SYS_TIME 1
| #define HAVE_STRUCT_TM_TM_ZONE 1
| #define HAVE_TM_ZONE 1
| #define HAVE_GMTIME_R 1
| #define HAVE_LOCALTIME_R 1
| #define HAVE_TM_GMTOFF 1
| #define HAVE_TIMEZONE_VAR 1
| #define HAVE_STRUCT_STAT_ST_BLKSIZE 1
| #define HAVE_ST_BLKSIZE 1
| #define HAVE_SIGNED_CHAR 1
| #define HAVE_LANGINFO 1
| #define HAVE_SYS_IOCTL_H 1
| /* end confdefs.h.  */
| #include <sys/filio.h>
configure:9444: result: no
configure:9444: checking for sys/filio.h
configure:9444: result: no
configure:9455: checking system version
configure:9483: result: Linux-2.6.32-30-generic
configure:9487: checking FIONBIO vs. O_NONBLOCK for nonblocking I/O
configure:9514: result: O_NONBLOCK
configure:9585: checking whether to enable DTrace support
configure:9596: result: no
configure:9985: creating ./config.status

## ---------------------- ##
## Running config.status. ##
## ---------------------- ##

This file was extended by config.status, which was
generated by GNU Autoconf 2.65.  Invocation command line was

  CONFIG_FILES    = 
  CONFIG_HEADERS  = 
  CONFIG_LINKS    = 
  CONFIG_COMMANDS = 
  $ ./config.status 

on amir-laptop

config.status:816: creating Makefile
config.status:915: WARNING:  'Makefile.in' seems to ignore the --datarootdir setting
config.status:816: creating dltest/Makefile
config.status:816: creating tclConfig.sh
configure:11004: WARNING: unrecognized options: --enable-gcc

## ---------------- ##
## Cache variables. ##
## ---------------- ##

ac_cv_c_bigendian=no
ac_cv_c_char_unsigned=no
ac_cv_c_compiler_gnu=yes
ac_cv_env_CC_set=
ac_cv_env_CC_value=
ac_cv_env_CFLAGS_set=
ac_cv_env_CFLAGS_value=
ac_cv_env_CPPFLAGS_set=
ac_cv_env_CPPFLAGS_value=
ac_cv_env_CPP_set=
ac_cv_env_CPP_value=
ac_cv_env_LDFLAGS_set=
ac_cv_env_LDFLAGS_value=
ac_cv_env_LIBS_set=
ac_cv_env_LIBS_value=
ac_cv_env_build_alias_set=
ac_cv_env_build_alias_value=
ac_cv_env_host_alias_set=
ac_cv_env_host_alias_value=
ac_cv_env_target_alias_set=
ac_cv_env_target_alias_value=
ac_cv_func_BSDgettimeofday=no
ac_cv_func_connect=yes
ac_cv_func_fstatfs=yes
ac_cv_func_getcwd=yes
ac_cv_func_gethostbyname=yes
ac_cv_func_gettimeofday=yes
ac_cv_func_getwd=yes
ac_cv_func_gmtime_r=yes
ac_cv_func_localtime_r=yes
ac_cv_func_lseek64=yes
ac_cv_func_memcmp_working=yes
ac_cv_func_memmove=yes
ac_cv_func_open64=yes
ac_cv_func_opendir=yes
ac_cv_func_realpath=yes
ac_cv_func_sin=no
ac_cv_func_strerror=yes
ac_cv_func_strncasecmp=yes
ac_cv_func_strstr=yes
ac_cv_func_strtod=yes
ac_cv_func_strtol=yes
ac_cv_func_strtoll=yes
ac_cv_func_strtoul=yes
ac_cv_func_strtoull=yes
ac_cv_func_tmpnam=yes
ac_cv_func_uname=yes
ac_cv_func_wait3=yes
ac_cv_func_waitpid=yes
ac_cv_header_dlfcn_h=yes
ac_cv_header_errno_h=yes
ac_cv_header_float_h=yes
ac_cv_header_inttypes_h=yes
ac_cv_header_langinfo_h=yes
ac_cv_header_limits_h=yes
ac_cv_header_memory_h=yes
ac_cv_header_net_errno_h=no
ac_cv_header_stdc=yes
ac_cv_header_stdint_h=yes
ac_cv_header_stdlib_h=yes
ac_cv_header_string_h=yes
ac_cv_header_strings_h=yes
ac_cv_header_sys_filio_h=no
ac_cv_header_sys_ioctl_h=yes
ac_cv_header_sys_modem_h=no
ac_cv_header_sys_param_h=yes
ac_cv_header_sys_stat_h=yes
ac_cv_header_sys_time_h=yes
ac_cv_header_sys_types_h=yes
ac_cv_header_sys_wait_h=yes
ac_cv_header_time=yes
ac_cv_header_unistd_h=yes
ac_cv_header_values_h=yes
ac_cv_lib_dl_dlopen=yes
ac_cv_lib_ieee_main=yes
ac_cv_lib_inet_main=no
ac_cv_member_struct_stat_st_blksize=yes
ac_cv_member_struct_tm_tm_zone=yes
ac_cv_objext=o
ac_cv_path_EGREP='/bin/grep -E'
ac_cv_path_GREP=/bin/grep
ac_cv_prog_AR=ar
ac_cv_prog_CPP='gcc -E'
ac_cv_prog_ac_ct_CC=gcc
ac_cv_prog_ac_ct_RANLIB=ranlib
ac_cv_prog_cc_c89=
ac_cv_prog_cc_g=yes
ac_cv_struct_tm=time.h
ac_cv_type_mode_t=yes
ac_cv_type_pid_t=yes
ac_cv_type_size_t=yes
ac_cv_type_socklen_t=yes
ac_cv_type_uid_t=yes
tcl_cv_api_fts=no
tcl_cv_api_serial=termios
tcl_cv_cc_pipe=yes
tcl_cv_char_signed=yes
tcl_cv_dirent_h=yes
tcl_cv_flag__isoc99_source=no
tcl_cv_flag__largefile64_source=yes
tcl_cv_flag__largefile_source64=no
tcl_cv_grep_gettimeofday=present
tcl_cv_langinfo_h=yes
tcl_cv_member_tm_gmtoff=yes
tcl_cv_member_tm_tzadj=no
tcl_cv_putenv_copy=no
tcl_cv_strstr_unbroken=ok
tcl_cv_strtod_buggy=ok
tcl_cv_strtod_unbroken=ok
tcl_cv_strtoul_unbroken=ok
tcl_cv_struct_dirent64=no
tcl_cv_struct_stat64=yes
tcl_cv_sys_version=Linux-2.6.32-30-generic
tcl_cv_timezone_long=yes
tcl_cv_type_64bit='long long'
tcl_cv_type_fd_set=yes
tcl_cv_type_off64_t=yes
tcl_cv_union_wait=yes

## ----------------- ##
## Output variables. ##
## ----------------- ##

AR='ar'
BUILD_DLTEST='$(DLTEST_TARGETS)'
CC='gcc'
CC_SEARCH_FLAGS='-Wl,-rpath,${LIB_RUNTIME_DIR}'
CFG_TCL_EXPORT_FILE_SUFFIX=''
CFG_TCL_SHARED_LIB_SUFFIX='${VERSION}${DBGX}.so'
CFG_TCL_UNSHARED_LIB_SUFFIX='${VERSION}${DBGX}.a'
CFLAGS=' -pipe '
CFLAGS_DEBUG='-g'
CFLAGS_DEFAULT='$(CFLAGS_OPTIMIZE)'
CFLAGS_OPTIMIZE='-O2'
CFLAGS_WARNING='-Wall -Wno-implicit-int -fno-strict-aliasing'
CPP='gcc -E'
CPPFLAGS=''
DEFS='-DPACKAGE_NAME=\"\" -DPACKAGE_TARNAME=\"\" -DPACKAGE_VERSION=\"\" -DPACKAGE_STRING=\"\" -DPACKAGE_BUGREPORT=\"\" -DPACKAGE_URL=\"\" -DSTDC_HEADERS=1 -DHAVE_SYS_TYPES_H=1 -DHAVE_SYS_STAT_H=1 -DHAVE_STDLIB_H=1 -DHAVE_STRING_H=1 -DHAVE_MEMORY_H=1 -DHAVE_STRINGS_H=1 -DHAVE_INTTYPES_H=1 -DHAVE_STDINT_H=1 -DHAVE_UNISTD_H=1 -DHAVE_LIMITS_H=1 -DHAVE_UNISTD_H=1 -DHAVE_SYS_PARAM_H=1 -DSTATIC_BUILD=1 -DPEEK_XCLOSEIM=1 -D_LARGEFILE64_SOURCE=1 -DTCL_WIDE_INT_TYPE=long\ long -DHAVE_STRUCT_STAT64=1 -DHAVE_OPEN64=1 -DHAVE_LSEEK64=1 -DHAVE_TYPE_OFF64_T=1 -DHAVE_GETCWD=1 -DHAVE_OPENDIR=1 -DHAVE_STRSTR=1 -DHAVE_STRTOL=1 -DHAVE_STRTOLL=1 -DHAVE_STRTOULL=1 -DHAVE_TMPNAM=1 -DHAVE_WAITPID=1 -DUSE_TERMIOS=1 -DHAVE_SYS_TIME_H=1 -DTIME_WITH_SYS_TIME=1 -DHAVE_STRUCT_TM_TM_ZONE=1 -DHAVE_TM_ZONE=1 -DHAVE_GMTIME_R=1 -DHAVE_LOCALTIME_R=1 -DHAVE_TM_GMTOFF=1 -DHAVE_TIMEZONE_VAR=1 -DHAVE_STRUCT_STAT_ST_BLKSIZE=1 -DHAVE_ST_BLKSIZE=1 -DHAVE_SIGNED_CHAR=1 -DHAVE_LANGINFO=1 -DHAVE_SYS_IOCTL_H=1'
DL_LIBS='-ldl'
DL_OBJS='tclLoadDl.o'
DTRACE=''
DTRACE_HDR=''
DTRACE_OBJ=''
DTRACE_SRC=''
ECHO_C=''
ECHO_N='-n'
ECHO_T=''
EGREP='/bin/grep -E'
EXEEXT=''
EXTRA_APP_CC_SWITCHES=''
EXTRA_BUILD_HTML=''
EXTRA_CC_SWITCHES=''
EXTRA_INSTALL=''
EXTRA_INSTALL_BINARIES=''
EXTRA_TCLSH_LIBS=''
GREP='/bin/grep'
HTML_DIR='$(DISTDIR)/html'
INSTALL_LIB='$(INSTALL_LIBRARY) $(LIB_FILE) $(LIB_INSTALL_DIR)/$(LIB_FILE) ; (cd $(LIB_INSTALL_DIR) ; $(RANLIB) $(LIB_FILE))'
INSTALL_STUB_LIB='$(INSTALL_LIBRARY) $(STUB_LIB_FILE) $(LIB_INSTALL_DIR)/$(STUB_LIB_FILE) ; (cd $(LIB_INSTALL_DIR) ; $(RANLIB) $(STUB_LIB_FILE))'
LDFLAGS=' -Wl,--export-dynamic'
LDFLAGS_DEBUG=''
LDFLAGS_DEFAULT='$(LDFLAGS_OPTIMIZE)'
LDFLAGS_OPTIMIZE=''
LD_LIBRARY_PATH_VAR='LD_LIBRARY_PATH'
LD_SEARCH_FLAGS='-Wl,-rpath,${LIB_RUNTIME_DIR}'
LIBOBJS=''
LIBS=''
LTLIBOBJS=''
MAKE_LIB='${STLIB_LD} $@ ${OBJS} ; ${RANLIB} $@'
MAKE_STUB_LIB='${STLIB_LD} $@ ${STUB_LIB_OBJS} ; ${RANLIB} $@'
MAN_FLAGS=''
MATH_LIBS='-lieee -lm'
OBJEXT='o'
PACKAGE_BUGREPORT=''
PACKAGE_NAME=''
PACKAGE_STRING=''
PACKAGE_TARNAME=''
PACKAGE_URL=''
PACKAGE_VERSION=''
PATH_SEPARATOR=':'
PLAT_OBJS=''
PLAT_SRCS=''
PRIVATE_INCLUDE_DIR='$(includedir)'
RANLIB='ranlib'
SHELL='/bin/bash'
SHLIB_CFLAGS='-fPIC'
SHLIB_LD='${CC} -shared ${CFLAGS} ${LDFLAGS}'
SHLIB_LD_LIBS='${LIBS}'
SHLIB_SUFFIX='.so'
STLIB_LD='${AR} cr'
TCL_BUILD_EXP_FILE=''
TCL_BUILD_LIB_SPEC='-L/home/amir/ns-allinone-2.34/tcl8.4.18/unix -ltcl8.4${TCL_DBGX}'
TCL_BUILD_STUB_LIB_PATH='/home/amir/ns-allinone-2.34/tcl8.4.18/unix/libtclstub8.4${TCL_DBGX}.a'
TCL_BUILD_STUB_LIB_SPEC='-L/home/amir/ns-allinone-2.34/tcl8.4.18/unix -ltclstub8.4${TCL_DBGX}'
TCL_DBGX=''
TCL_EXP_FILE=''
TCL_HAS_LONGLONG=''
TCL_INCLUDE_SPEC='-I/home/amir/ns-allinone-2.34/include'
TCL_LIBRARY='$(prefix)/lib/tcl$(VERSION)'
TCL_LIBS='${DL_LIBS} ${LIBS} ${MATH_LIBS}'
TCL_LIB_FILE='libtcl8.4${TCL_DBGX}.a'
TCL_LIB_FLAG='-ltcl8.4${TCL_DBGX}'
TCL_LIB_SPEC='-L/home/amir/ns-allinone-2.34/lib -ltcl8.4${TCL_DBGX}'
TCL_LIB_VERSIONS_OK='ok'
TCL_MAJOR_VERSION='8'
TCL_MINOR_VERSION='4'
TCL_NEEDS_EXP_FILE='0'
TCL_PACKAGE_PATH='/home/amir/ns-allinone-2.34/lib '
TCL_PATCH_LEVEL='.18'
TCL_SHARED_BUILD='0'
TCL_SHARED_LIB_SUFFIX='${VERSION}\$\{DBGX\}${SHLIB_SUFFIX}'
TCL_SHLIB_LD_EXTRAS=''
TCL_SRC_DIR='/home/amir/ns-allinone-2.34/tcl8.4.18'
TCL_STUB_LIB_FILE='libtclstub8.4${TCL_DBGX}.a'
TCL_STUB_LIB_FLAG='-ltclstub8.4${TCL_DBGX}'
TCL_STUB_LIB_PATH='/home/amir/ns-allinone-2.34/lib/libtclstub8.4${TCL_DBGX}.a'
TCL_STUB_LIB_SPEC='-L/home/amir/ns-allinone-2.34/lib -ltclstub8.4${TCL_DBGX}'
TCL_THREADS='0'
TCL_UNSHARED_LIB_SUFFIX='${VERSION}\$\{DBGX\}.a'
TCL_VERSION='8.4'
TCL_YEAR=''
TK_SHLIB_LD_EXTRAS=''
ac_ct_CC='gcc'
bindir='${exec_prefix}/bin'
build_alias=''
datadir='${datarootdir}'
datarootdir='${prefix}/share'
docdir='${datarootdir}/doc/${PACKAGE}'
dvidir='${docdir}'
exec_prefix='/home/amir/ns-allinone-2.34'
host_alias=''
htmldir='${docdir}'
includedir='${prefix}/include'
infodir='${datarootdir}/info'
libdir='/home/amir/ns-allinone-2.34/lib'
libexecdir='${exec_prefix}/libexec'
localedir='${datarootdir}/locale'
localstatedir='${prefix}/var'
mandir='${datarootdir}/man'
oldincludedir='/usr/include'
pdfdir='${docdir}'
prefix='/home/amir/ns-allinone-2.34'
program_transform_name='s,x,x,'
psdir='${docdir}'
sbindir='${exec_prefix}/sbin'
sharedstatedir='${prefix}/com'
sysconfdir='${prefix}/etc'
target_alias=''

## ----------- ##
## confdefs.h. ##
## ----------- ##

/* confdefs.h */
#define PACKAGE_NAME ""
#define PACKAGE_TARNAME ""
#define PACKAGE_VERSION ""
#define PACKAGE_STRING ""
#define PACKAGE_BUGREPORT ""
#define PACKAGE_URL ""
#define STDC_HEADERS 1
#define HAVE_SYS_TYPES_H 1
#define HAVE_SYS_STAT_H 1
#define HAVE_STDLIB_H 1
#define HAVE_STRING_H 1
#define HAVE_MEMORY_H 1
#define HAVE_STRINGS_H 1
#define HAVE_INTTYPES_H 1
#define HAVE_STDINT_H 1
#define HAVE_UNISTD_H 1
#define HAVE_LIMITS_H 1
#define HAVE_UNISTD_H 1
#define HAVE_SYS_PARAM_H 1
#define STATIC_BUILD 1
#define PEEK_XCLOSEIM 1
#define _LARGEFILE64_SOURCE 1
#define TCL_WIDE_INT_TYPE long long
#define HAVE_STRUCT_STAT64 1
#define HAVE_OPEN64 1
#define HAVE_LSEEK64 1
#define HAVE_TYPE_OFF64_T 1
#define HAVE_GETCWD 1
#define HAVE_OPENDIR 1
#define HAVE_STRSTR 1
#define HAVE_STRTOL 1
#define HAVE_STRTOLL 1
#define HAVE_STRTOULL 1
#define HAVE_TMPNAM 1
#define HAVE_WAITPID 1
#define USE_TERMIOS 1
#define HAVE_SYS_TIME_H 1
#define TIME_WITH_SYS_TIME 1
#define HAVE_STRUCT_TM_TM_ZONE 1
#define HAVE_TM_ZONE 1
#define HAVE_GMTIME_R 1
#define HAVE_LOCALTIME_R 1
#define HAVE_TM_GMTOFF 1
#define HAVE_TIMEZONE_VAR 1
#define HAVE_STRUCT_STAT_ST_BLKSIZE 1
#define HAVE_ST_BLKSIZE 1
#define HAVE_SIGNED_CHAR 1
#define HAVE_LANGINFO 1
#define HAVE_SYS_IOCTL_H 1

configure: exit 0
